25/03/2014 14:17:13 (Std) 	+-+-+-+-+-+-+-+-+-+-+-+-+-+-+-+-+-+-+-+-+-+-+-+-+-+-+-+-+-+-+-+-+-+-+-+-+-+-+-+
25/03/2014 14:17:13 (Std) 	+                     Crazy Eddie's GUI System - Event log                    +
25/03/2014 14:17:13 (Std) 	+                          (http://www.cegui.org.uk/)                         +
25/03/2014 14:17:13 (Std) 	+-+-+-+-+-+-+-+-+-+-+-+-+-+-+-+-+-+-+-+-+-+-+-+-+-+-+-+-+-+-+-+-+-+-+-+-+-+-+-+

25/03/2014 14:17:13 (Std) 	CEGUI::Logger singleton created. (0xd4c790)
25/03/2014 14:17:13 (Std) 	
25/03/2014 14:17:13 (Std) 	********************************************************************************
25/03/2014 14:17:13 (Std) 	* Important:                                                                   *
25/03/2014 14:17:13 (Std) 	*     To get support at the CEGUI forums, you must post _at least_ the section *
25/03/2014 14:17:13 (Std) 	*     of this log file indicated below.  Failure to do this will result in no  *
25/03/2014 14:17:13 (Std) 	*     support being given; please do not waste our time.                       *
25/03/2014 14:17:13 (Std) 	********************************************************************************
25/03/2014 14:17:13 (Std) 	********************************************************************************
25/03/2014 14:17:13 (Std) 	* -------- START OF ESSENTIAL SECTION TO BE POSTED ON THE FORUM       -------- *
25/03/2014 14:17:13 (Std) 	********************************************************************************
25/03/2014 14:17:13 (Std) 	---- Version 0.7.6 (Build: Feb 25 2013 GNU/Linux g++ 4.6.3 64 bit) ----
25/03/2014 14:17:13 (Std) 	---- Renderer module is: CEGUI::OgreRenderer - Official OGRE based 2nd generation renderer module. ----
25/03/2014 14:17:13 (Std) 	---- XML Parser module is: CEGUI::XercesParser - Official Xerces-C++ based parser module for CEGUI ----
25/03/2014 14:17:13 (Std) 	---- Image Codec module is: OgreImageCodec - Integrated ImageCodec using the Ogre engine. ----
25/03/2014 14:17:13 (Std) 	---- Scripting module is: None ----
25/03/2014 14:17:13 (Std) 	********************************************************************************
25/03/2014 14:17:13 (Std) 	* -------- END OF ESSENTIAL SECTION TO BE POSTED ON THE FORUM         -------- *
25/03/2014 14:17:13 (Std) 	********************************************************************************
25/03/2014 14:17:13 (Std) 	
25/03/2014 14:17:13 (Std) 	---- Begining CEGUI System initialisation ----
25/03/2014 14:17:13 (Std) 	CEGUI::ImagesetManager singleton created (0xdb2ca0)
25/03/2014 14:17:13 (Std) 	CEGUI::FontManager singleton created. (0xd394c0)
25/03/2014 14:17:13 (Std) 	CEGUI::WindowFactoryManager singleton created
25/03/2014 14:17:13 (Std) 	CEGUI::WindowManager singleton created (0xcf5590)
25/03/2014 14:17:13 (Std) 	CEGUI::SchemeManager singleton created. (0xd6fe80)
25/03/2014 14:17:13 (Std) 	CEGUI::MouseCursor singleton created. (0xd62930)
25/03/2014 14:17:13 (Std) 	CEGUI::GlobalEventSet singleton created. (0xd57570)
25/03/2014 14:17:13 (Std) 	CEGUI::AnimationManager singleton created (0xda5830)
25/03/2014 14:17:13 (Std) 	CEGUI::WidgetLookManager singleton created. (0xc8e480)
25/03/2014 14:17:13 (Std) 	CEGUI::WindowRendererManager singleton created (0xc8e400)
25/03/2014 14:17:13 (Std) 	CEGUI::RenderEffectManager singleton created (0xc9adb0)
25/03/2014 14:17:13 (Std) 	Created WindowFactory for 'DefaultWindow' windows.
25/03/2014 14:17:13 (Std) 	WindowFactory for 'DefaultWindow' windows added. (0xd6c540)
25/03/2014 14:17:13 (Std) 	Created WindowFactory for 'DragContainer' windows.
25/03/2014 14:17:13 (Std) 	WindowFactory for 'DragContainer' windows added. (0xdb80c0)
25/03/2014 14:17:13 (Std) 	Created WindowFactory for 'ScrolledContainer' windows.
25/03/2014 14:17:13 (Std) 	WindowFactory for 'ScrolledContainer' windows added. (0xdabdd0)
25/03/2014 14:17:13 (Std) 	Created WindowFactory for 'ClippedContainer' windows.
25/03/2014 14:17:13 (Std) 	WindowFactory for 'ClippedContainer' windows added. (0xd61d10)
25/03/2014 14:17:13 (Std) 	Created WindowFactory for 'CEGUI/Checkbox' windows.
25/03/2014 14:17:13 (Std) 	WindowFactory for 'CEGUI/Checkbox' windows added. (0xd287d0)
25/03/2014 14:17:13 (Std) 	Created WindowFactory for 'CEGUI/PushButton' windows.
25/03/2014 14:17:13 (Std) 	WindowFactory for 'CEGUI/PushButton' windows added. (0xd76700)
25/03/2014 14:17:13 (Std) 	Created WindowFactory for 'CEGUI/RadioButton' windows.
25/03/2014 14:17:13 (Std) 	WindowFactory for 'CEGUI/RadioButton' windows added. (0xdb5520)
25/03/2014 14:17:13 (Std) 	Created WindowFactory for 'CEGUI/Combobox' windows.
25/03/2014 14:17:13 (Std) 	WindowFactory for 'CEGUI/Combobox' windows added. (0xd9be80)
25/03/2014 14:17:13 (Std) 	Created WindowFactory for 'CEGUI/ComboDropList' windows.
25/03/2014 14:17:13 (Std) 	WindowFactory for 'CEGUI/ComboDropList' windows added. (0xd01d90)
25/03/2014 14:17:13 (Std) 	Created WindowFactory for 'CEGUI/Editbox' windows.
25/03/2014 14:17:13 (Std) 	WindowFactory for 'CEGUI/Editbox' windows added. (0xd23410)
25/03/2014 14:17:13 (Std) 	Created WindowFactory for 'CEGUI/FrameWindow' windows.
25/03/2014 14:17:13 (Std) 	WindowFactory for 'CEGUI/FrameWindow' windows added. (0xd99a00)
25/03/2014 14:17:13 (Std) 	Created WindowFactory for 'CEGUI/ItemEntry' windows.
25/03/2014 14:17:13 (Std) 	WindowFactory for 'CEGUI/ItemEntry' windows added. (0xdafd90)
25/03/2014 14:17:13 (Std) 	Created WindowFactory for 'CEGUI/Listbox' windows.
25/03/2014 14:17:13 (Std) 	WindowFactory for 'CEGUI/Listbox' windows added. (0xd990a0)
25/03/2014 14:17:13 (Std) 	Created WindowFactory for 'CEGUI/ListHeader' windows.
25/03/2014 14:17:13 (Std) 	WindowFactory for 'CEGUI/ListHeader' windows added. (0xd9b740)
25/03/2014 14:17:13 (Std) 	Created WindowFactory for 'CEGUI/ListHeaderSegment' windows.
25/03/2014 14:17:13 (Std) 	WindowFactory for 'CEGUI/ListHeaderSegment' windows added. (0xcbd1e0)
25/03/2014 14:17:13 (Std) 	Created WindowFactory for 'CEGUI/Menubar' windows.
25/03/2014 14:17:13 (Std) 	WindowFactory for 'CEGUI/Menubar' windows added. (0xcf6ea0)
25/03/2014 14:17:13 (Std) 	Created WindowFactory for 'CEGUI/PopupMenu' windows.
25/03/2014 14:17:13 (Std) 	WindowFactory for 'CEGUI/PopupMenu' windows added. (0xd0c750)
25/03/2014 14:17:13 (Std) 	Created WindowFactory for 'CEGUI/MenuItem' windows.
25/03/2014 14:17:13 (Std) 	WindowFactory for 'CEGUI/MenuItem' windows added. (0xd9abf0)
25/03/2014 14:17:13 (Std) 	Created WindowFactory for 'CEGUI/MultiColumnList' windows.
25/03/2014 14:17:13 (Std) 	WindowFactory for 'CEGUI/MultiColumnList' windows added. (0xdb07e0)
25/03/2014 14:17:13 (Std) 	Created WindowFactory for 'CEGUI/MultiLineEditbox' windows.
25/03/2014 14:17:13 (Std) 	WindowFactory for 'CEGUI/MultiLineEditbox' windows added. (0xdab0f0)
25/03/2014 14:17:13 (Std) 	Created WindowFactory for 'CEGUI/ProgressBar' windows.
25/03/2014 14:17:13 (Std) 	WindowFactory for 'CEGUI/ProgressBar' windows added. (0xd07c90)
25/03/2014 14:17:13 (Std) 	Created WindowFactory for 'CEGUI/ScrollablePane' windows.
25/03/2014 14:17:13 (Std) 	WindowFactory for 'CEGUI/ScrollablePane' windows added. (0xd6fd20)
25/03/2014 14:17:13 (Std) 	Created WindowFactory for 'CEGUI/Scrollbar' windows.
25/03/2014 14:17:13 (Std) 	WindowFactory for 'CEGUI/Scrollbar' windows added. (0xd109c0)
25/03/2014 14:17:13 (Std) 	Created WindowFactory for 'CEGUI/Slider' windows.
25/03/2014 14:17:13 (Std) 	WindowFactory for 'CEGUI/Slider' windows added. (0xda7a50)
25/03/2014 14:17:13 (Std) 	Created WindowFactory for 'CEGUI/Spinner' windows.
25/03/2014 14:17:13 (Std) 	WindowFactory for 'CEGUI/Spinner' windows added. (0xd61b60)
25/03/2014 14:17:13 (Std) 	Created WindowFactory for 'CEGUI/TabButton' windows.
25/03/2014 14:17:13 (Std) 	WindowFactory for 'CEGUI/TabButton' windows added. (0xd0e4b0)
25/03/2014 14:17:13 (Std) 	Created WindowFactory for 'CEGUI/TabControl' windows.
25/03/2014 14:17:13 (Std) 	WindowFactory for 'CEGUI/TabControl' windows added. (0xd1e9e0)
25/03/2014 14:17:13 (Std) 	Created WindowFactory for 'CEGUI/Thumb' windows.
25/03/2014 14:17:13 (Std) 	WindowFactory for 'CEGUI/Thumb' windows added. (0xda2af0)
25/03/2014 14:17:13 (Std) 	Created WindowFactory for 'CEGUI/Titlebar' windows.
25/03/2014 14:17:13 (Std) 	WindowFactory for 'CEGUI/Titlebar' windows added. (0xd240e0)
25/03/2014 14:17:13 (Std) 	Created WindowFactory for 'CEGUI/Tooltip' windows.
25/03/2014 14:17:13 (Std) 	WindowFactory for 'CEGUI/Tooltip' windows added. (0xdb6440)
25/03/2014 14:17:13 (Std) 	Created WindowFactory for 'CEGUI/ItemListbox' windows.
25/03/2014 14:17:13 (Std) 	WindowFactory for 'CEGUI/ItemListbox' windows added. (0xdb8d00)
25/03/2014 14:17:13 (Std) 	Created WindowFactory for 'CEGUI/GroupBox' windows.
25/03/2014 14:17:13 (Std) 	WindowFactory for 'CEGUI/GroupBox' windows added. (0xda0b00)
25/03/2014 14:17:13 (Std) 	Created WindowFactory for 'CEGUI/Tree' windows.
25/03/2014 14:17:13 (Std) 	WindowFactory for 'CEGUI/Tree' windows added. (0xd9b010)
25/03/2014 14:17:13 (Std) 	Created WindowFactory for 'HorizontalLayoutContainer' windows.
25/03/2014 14:17:13 (Std) 	WindowFactory for 'HorizontalLayoutContainer' windows added. (0xdad2c0)
25/03/2014 14:17:13 (Std) 	Created WindowFactory for 'VerticalLayoutContainer' windows.
25/03/2014 14:17:13 (Std) 	WindowFactory for 'VerticalLayoutContainer' windows added. (0xdb3590)
25/03/2014 14:17:13 (Std) 	Created WindowFactory for 'GridLayoutContainer' windows.
25/03/2014 14:17:13 (Std) 	WindowFactory for 'GridLayoutContainer' windows added. (0xd56340)
25/03/2014 14:17:13 (Std) 	Window type alias named 'DefaultGUISheet' added for window type 'DefaultWindow'.
25/03/2014 14:17:13 (Std) 	CEGUI::System singleton created. (0xcffd80)
25/03/2014 14:17:13 (Std) 	---- CEGUI System initialisation completed ----
25/03/2014 14:17:13 (Std) 	
25/03/2014 14:17:13 (Std) 	XercesParser::initialiseSchema - Attempting to load schema from file 'GUIScheme.xsd'.
25/03/2014 14:17:13 (Std) 	XercesParser::initialiseSchema - XML schema file 'GUIScheme.xsd' has been initialised.
25/03/2014 14:17:13 (Std) 	Started creation of Scheme from XML specification:
25/03/2014 14:17:13 (Std) 	---- CEGUI GUIScheme name: TaharezLook
25/03/2014 14:17:13 (Std) 	XercesParser::initialiseSchema - Attempting to load schema from file 'Imageset.xsd'.
25/03/2014 14:17:13 (Std) 	XercesParser::initialiseSchema - XML schema file 'Imageset.xsd' has been initialised.
25/03/2014 14:17:13 (Std) 	Started creation of Imageset from XML specification:
25/03/2014 14:17:13 (Std) 	---- CEGUI Imageset name: TaharezLook
25/03/2014 14:17:13 (Std) 	---- Source texture file: TaharezLook.tga in resource group: (Default)
25/03/2014 14:17:13 (Std) 	XercesParser::initialiseSchema - Attempting to load schema from file 'Font.xsd'.
25/03/2014 14:17:13 (Std) 	XercesParser::initialiseSchema - XML schema file 'Font.xsd' has been initialised.
25/03/2014 14:17:13 (Std) 	Started creation of Font from XML specification:
25/03/2014 14:17:13 (Std) 	---- CEGUI font name: DejaVuSans-10
25/03/2014 14:17:13 (Std) 	----       Font type: FreeType
25/03/2014 14:17:13 (Std) 	----     Source file: DejaVuSans.ttf in resource group: (Default)
25/03/2014 14:17:13 (Std) 	---- Real point size: 10
25/03/2014 14:17:13 (Std) 	XercesParser::initialiseSchema - Attempting to load schema from file 'Falagard.xsd'.
25/03/2014 14:17:13 (Std) 	XercesParser::initialiseSchema - XML schema file 'Falagard.xsd' has been initialised.
25/03/2014 14:17:13 (Std) 	===== Falagard 'root' element: look and feel parsing begins =====
25/03/2014 14:17:13 (Std) 	===== Look and feel parsing completed =====
25/03/2014 14:17:13 (Std) 	No window renderer factories specified for module 'CEGUIFalagardWRBase' - adding all available factories...
25/03/2014 14:17:13 (Std) 	Created WindowRendererFactory for 'Falagard/Button' WindowRenderers.
25/03/2014 14:17:13 (Std) 	WindowRendererFactory 'Falagard/Button' added. (0xd3e970)
25/03/2014 14:17:13 (Std) 	Created WindowRendererFactory for 'Falagard/Default' WindowRenderers.
25/03/2014 14:17:13 (Std) 	WindowRendererFactory 'Falagard/Default' added. (0xd7ee60)
25/03/2014 14:17:13 (Std) 	Created WindowRendererFactory for 'Falagard/Editbox' WindowRenderers.
25/03/2014 14:17:13 (Std) 	WindowRendererFactory 'Falagard/Editbox' added. (0xd53b60)
25/03/2014 14:17:13 (Std) 	Created WindowRendererFactory for 'Falagard/FrameWindow' WindowRenderers.
25/03/2014 14:17:13 (Std) 	WindowRendererFactory 'Falagard/FrameWindow' added. (0xe91100)
25/03/2014 14:17:13 (Std) 	Created WindowRendererFactory for 'Falagard/ItemEntry' WindowRenderers.
25/03/2014 14:17:13 (Std) 	WindowRendererFactory 'Falagard/ItemEntry' added. (0xd8f250)
25/03/2014 14:17:13 (Std) 	Created WindowRendererFactory for 'Falagard/ListHeader' WindowRenderers.
25/03/2014 14:17:13 (Std) 	WindowRendererFactory 'Falagard/ListHeader' added. (0xd68650)
25/03/2014 14:17:13 (Std) 	Created WindowRendererFactory for 'Falagard/ListHeaderSegment' WindowRenderers.
25/03/2014 14:17:13 (Std) 	WindowRendererFactory 'Falagard/ListHeaderSegment' added. (0xe912c0)
25/03/2014 14:17:13 (Std) 	Created WindowRendererFactory for 'Falagard/Listbox' WindowRenderers.
25/03/2014 14:17:13 (Std) 	WindowRendererFactory 'Falagard/Listbox' added. (0xd71580)
25/03/2014 14:17:13 (Std) 	Created WindowRendererFactory for 'Falagard/Menubar' WindowRenderers.
25/03/2014 14:17:13 (Std) 	WindowRendererFactory 'Falagard/Menubar' added. (0xd61770)
25/03/2014 14:17:13 (Std) 	Created WindowRendererFactory for 'Falagard/MenuItem' WindowRenderers.
25/03/2014 14:17:13 (Std) 	WindowRendererFactory 'Falagard/MenuItem' added. (0xcf7610)
25/03/2014 14:17:13 (Std) 	Created WindowRendererFactory for 'Falagard/MultiColumnList' WindowRenderers.
25/03/2014 14:17:13 (Std) 	WindowRendererFactory 'Falagard/MultiColumnList' added. (0xe8d9c0)
25/03/2014 14:17:13 (Std) 	Created WindowRendererFactory for 'Falagard/MultiLineEditbox' WindowRenderers.
25/03/2014 14:17:13 (Std) 	WindowRendererFactory 'Falagard/MultiLineEditbox' added. (0x101b8d0)
25/03/2014 14:17:13 (Std) 	Created WindowRendererFactory for 'Falagard/PopupMenu' WindowRenderers.
25/03/2014 14:17:13 (Std) 	WindowRendererFactory 'Falagard/PopupMenu' added. (0xd5b260)
25/03/2014 14:17:13 (Std) 	Created WindowRendererFactory for 'Falagard/ProgressBar' WindowRenderers.
25/03/2014 14:17:13 (Std) 	WindowRendererFactory 'Falagard/ProgressBar' added. (0xe4d3a0)
25/03/2014 14:17:13 (Std) 	Created WindowRendererFactory for 'Falagard/ScrollablePane' WindowRenderers.
25/03/2014 14:17:13 (Std) 	WindowRendererFactory 'Falagard/ScrollablePane' added. (0xd37bb0)
25/03/2014 14:17:13 (Std) 	Created WindowRendererFactory for 'Falagard/Scrollbar' WindowRenderers.
25/03/2014 14:17:13 (Std) 	WindowRendererFactory 'Falagard/Scrollbar' added. (0xe8cbc0)
25/03/2014 14:17:13 (Std) 	Created WindowRendererFactory for 'Falagard/Slider' WindowRenderers.
25/03/2014 14:17:13 (Std) 	WindowRendererFactory 'Falagard/Slider' added. (0xd3cd30)
25/03/2014 14:17:13 (Std) 	Created WindowRendererFactory for 'Falagard/Static' WindowRenderers.
25/03/2014 14:17:13 (Std) 	WindowRendererFactory 'Falagard/Static' added. (0xd39180)
25/03/2014 14:17:13 (Std) 	Created WindowRendererFactory for 'Falagard/StaticImage' WindowRenderers.
25/03/2014 14:17:13 (Std) 	WindowRendererFactory 'Falagard/StaticImage' added. (0xd690e0)
25/03/2014 14:17:13 (Std) 	Created WindowRendererFactory for 'Falagard/StaticText' WindowRenderers.
25/03/2014 14:17:13 (Std) 	WindowRendererFactory 'Falagard/StaticText' added. (0xdac470)
25/03/2014 14:17:13 (Std) 	Created WindowRendererFactory for 'Falagard/SystemButton' WindowRenderers.
25/03/2014 14:17:13 (Std) 	WindowRendererFactory 'Falagard/SystemButton' added. (0xe4c970)
25/03/2014 14:17:13 (Std) 	Created WindowRendererFactory for 'Falagard/TabButton' WindowRenderers.
25/03/2014 14:17:13 (Std) 	WindowRendererFactory 'Falagard/TabButton' added. (0xd04ed0)
25/03/2014 14:17:13 (Std) 	Created WindowRendererFactory for 'Falagard/TabControl' WindowRenderers.
25/03/2014 14:17:13 (Std) 	WindowRendererFactory 'Falagard/TabControl' added. (0xd0ebd0)
25/03/2014 14:17:13 (Std) 	Created WindowRendererFactory for 'Falagard/Titlebar' WindowRenderers.
25/03/2014 14:17:13 (Std) 	WindowRendererFactory 'Falagard/Titlebar' added. (0xd4cd30)
25/03/2014 14:17:13 (Std) 	Created WindowRendererFactory for 'Falagard/ToggleButton' WindowRenderers.
25/03/2014 14:17:13 (Std) 	WindowRendererFactory 'Falagard/ToggleButton' added. (0xe8c660)
25/03/2014 14:17:13 (Std) 	Created WindowRendererFactory for 'Falagard/Tooltip' WindowRenderers.
25/03/2014 14:17:13 (Std) 	WindowRendererFactory 'Falagard/Tooltip' added. (0xd4f830)
25/03/2014 14:17:13 (Std) 	Created WindowRendererFactory for 'Falagard/ItemListbox' WindowRenderers.
25/03/2014 14:17:13 (Std) 	WindowRendererFactory 'Falagard/ItemListbox' added. (0xd0b4f0)
25/03/2014 14:17:13 (Std) 	Created WindowRendererFactory for 'Falagard/Tree' WindowRenderers.
25/03/2014 14:17:13 (Std) 	WindowRendererFactory 'Falagard/Tree' added. (0xd0b5b0)
25/03/2014 14:17:13 (Std) 	Creating falagard mapping for type 'TaharezLook/Button' using base type 'CEGUI/PushButton', window renderer 'Falagard/Button' Look'N'Feel 'TaharezLook/Button' and RenderEffect ''. (0x7fff96d8f7f0)
25/03/2014 14:17:13 (Std) 	Creating falagard mapping for type 'TaharezLook/Checkbox' using base type 'CEGUI/Checkbox', window renderer 'Falagard/ToggleButton' Look'N'Feel 'TaharezLook/Checkbox' and RenderEffect ''. (0x7fff96d8f7f0)
25/03/2014 14:17:13 (Std) 	Creating falagard mapping for type 'TaharezLook/ImageButton' using base type 'CEGUI/PushButton', window renderer 'Falagard/Button' Look'N'Feel 'TaharezLook/ImageButton' and RenderEffect ''. (0x7fff96d8f7f0)
25/03/2014 14:17:13 (Std) 	Creating falagard mapping for type 'TaharezLook/RadioButton' using base type 'CEGUI/RadioButton', window renderer 'Falagard/ToggleButton' Look'N'Feel 'TaharezLook/RadioButton' and RenderEffect ''. (0x7fff96d8f7f0)
25/03/2014 14:17:13 (Std) 	Creating falagard mapping for type 'TaharezLook/FrameWindow' using base type 'CEGUI/FrameWindow', window renderer 'Falagard/FrameWindow' Look'N'Feel 'TaharezLook/FrameWindow' and RenderEffect ''. (0x7fff96d8f7f0)
25/03/2014 14:17:13 (Std) 	Creating falagard mapping for type 'TaharezLook/Titlebar' using base type 'CEGUI/Titlebar', window renderer 'Falagard/Titlebar' Look'N'Feel 'TaharezLook/Titlebar' and RenderEffect ''. (0x7fff96d8f7f0)
25/03/2014 14:17:13 (Std) 	Creating falagard mapping for type 'TaharezLook/SystemButton' using base type 'CEGUI/PushButton', window renderer 'Falagard/Button' Look'N'Feel 'TaharezLook/Button' and RenderEffect ''. (0x7fff96d8f7f0)
25/03/2014 14:17:13 (Std) 	Creating falagard mapping for type 'TaharezLook/Editbox' using base type 'CEGUI/Editbox', window renderer 'Falagard/Editbox' Look'N'Feel 'TaharezLook/Editbox' and RenderEffect ''. (0x7fff96d8f7f0)
25/03/2014 14:17:13 (Std) 	Creating falagard mapping for type 'TaharezLook/MultiLineEditbox' using base type 'CEGUI/MultiLineEditbox', window renderer 'Falagard/MultiLineEditbox' Look'N'Feel 'TaharezLook/MultiLineEditbox' and RenderEffect ''. (0x7fff96d8f7f0)
25/03/2014 14:17:13 (Std) 	Creating falagard mapping for type 'TaharezLook/Menubar' using base type 'CEGUI/Menubar', window renderer 'Falagard/Menubar' Look'N'Feel 'TaharezLook/Menubar' and RenderEffect ''. (0x7fff96d8f7f0)
25/03/2014 14:17:13 (Std) 	Creating falagard mapping for type 'TaharezLook/PopupMenu' using base type 'CEGUI/PopupMenu', window renderer 'Falagard/PopupMenu' Look'N'Feel 'TaharezLook/PopupMenu' and RenderEffect ''. (0x7fff96d8f7f0)
25/03/2014 14:17:13 (Std) 	Creating falagard mapping for type 'TaharezLook/MenuItem' using base type 'CEGUI/MenuItem', window renderer 'Falagard/MenuItem' Look'N'Feel 'TaharezLook/MenuItem' and RenderEffect ''. (0x7fff96d8f7f0)
25/03/2014 14:17:13 (Std) 	Creating falagard mapping for type 'TaharezLook/AlternateProgressBar' using base type 'CEGUI/ProgressBar', window renderer 'Falagard/ProgressBar' Look'N'Feel 'TaharezLook/AltProgressBar' and RenderEffect ''. (0x7fff96d8f7f0)
25/03/2014 14:17:13 (Std) 	Creating falagard mapping for type 'TaharezLook/ProgressBar' using base type 'CEGUI/ProgressBar', window renderer 'Falagard/ProgressBar' Look'N'Feel 'TaharezLook/ProgressBar' and RenderEffect ''. (0x7fff96d8f7f0)
25/03/2014 14:17:13 (Std) 	Creating falagard mapping for type 'TaharezLook/VUMeter' using base type 'CEGUI/ProgressBar', window renderer 'Falagard/ProgressBar' Look'N'Feel 'TaharezLook/VUMeter' and RenderEffect ''. (0x7fff96d8f7f0)
25/03/2014 14:17:13 (Std) 	Creating falagard mapping for type 'TaharezLook/VerticalScrollbar' using base type 'CEGUI/Scrollbar', window renderer 'Falagard/Scrollbar' Look'N'Feel 'TaharezLook/VerticalScrollbar' and RenderEffect ''. (0x7fff96d8f7f0)
25/03/2014 14:17:13 (Std) 	Creating falagard mapping for type 'TaharezLook/HorizontalScrollbar' using base type 'CEGUI/Scrollbar', window renderer 'Falagard/Scrollbar' Look'N'Feel 'TaharezLook/HorizontalScrollbar' and RenderEffect ''. (0x7fff96d8f7f0)
25/03/2014 14:17:13 (Std) 	Creating falagard mapping for type 'TaharezLook/VerticalScrollbarThumb' using base type 'CEGUI/Thumb', window renderer 'Falagard/Button' Look'N'Feel 'TaharezLook/VerticalScrollbarThumb' and RenderEffect ''. (0x7fff96d8f7f0)
25/03/2014 14:17:13 (Std) 	Creating falagard mapping for type 'TaharezLook/HorizontalScrollbarThumb' using base type 'CEGUI/Thumb', window renderer 'Falagard/Button' Look'N'Feel 'TaharezLook/HorizontalScrollbarThumb' and RenderEffect ''. (0x7fff96d8f7f0)
25/03/2014 14:17:13 (Std) 	Creating falagard mapping for type 'TaharezLook/LargeVerticalScrollbar' using base type 'CEGUI/Scrollbar', window renderer 'Falagard/Scrollbar' Look'N'Feel 'TaharezLook/LargeVerticalScrollbar' and RenderEffect ''. (0x7fff96d8f7f0)
25/03/2014 14:17:13 (Std) 	Creating falagard mapping for type 'TaharezLook/LargeVerticalScrollbarThumb' using base type 'CEGUI/Thumb', window renderer 'Falagard/Button' Look'N'Feel 'TaharezLook/LargeVerticalScrollbarThumb' and RenderEffect ''. (0x7fff96d8f7f0)
25/03/2014 14:17:13 (Std) 	Creating falagard mapping for type 'TaharezLook/TabButton' using base type 'CEGUI/TabButton', window renderer 'Falagard/TabButton' Look'N'Feel 'TaharezLook/TabButton' and RenderEffect ''. (0x7fff96d8f7f0)
25/03/2014 14:17:13 (Std) 	Creating falagard mapping for type 'TaharezLook/TabControl' using base type 'CEGUI/TabControl', window renderer 'Falagard/TabControl' Look'N'Feel 'TaharezLook/TabControl' and RenderEffect ''. (0x7fff96d8f7f0)
25/03/2014 14:17:13 (Std) 	Creating falagard mapping for type 'TaharezLook/TabContentPane' using base type 'DefaultWindow', window renderer 'Falagard/Default' Look'N'Feel 'TaharezLook/TabContentPane' and RenderEffect ''. (0x7fff96d8f7f0)
25/03/2014 14:17:13 (Std) 	Creating falagard mapping for type 'TaharezLook/TabButtonPane' using base type 'DefaultWindow', window renderer 'Falagard/Default' Look'N'Feel 'TaharezLook/TabButtonPane' and RenderEffect ''. (0x7fff96d8f7f0)
25/03/2014 14:17:13 (Std) 	Creating falagard mapping for type 'TaharezLook/ComboDropList' using base type 'CEGUI/ComboDropList', window renderer 'Falagard/Listbox' Look'N'Feel 'TaharezLook/ComboDropList' and RenderEffect ''. (0x7fff96d8f7f0)
25/03/2014 14:17:13 (Std) 	Creating falagard mapping for type 'TaharezLook/ComboEditbox' using base type 'CEGUI/Editbox', window renderer 'Falagard/Editbox' Look'N'Feel 'TaharezLook/ComboEditbox' and RenderEffect ''. (0x7fff96d8f7f0)
25/03/2014 14:17:13 (Std) 	Creating falagard mapping for type 'TaharezLook/Combobox' using base type 'CEGUI/Combobox', window renderer 'Falagard/Default' Look'N'Feel 'TaharezLook/Combobox' and RenderEffect ''. (0x7fff96d8f7f0)
25/03/2014 14:17:13 (Std) 	Creating falagard mapping for type 'TaharezLook/Listbox' using base type 'CEGUI/Listbox', window renderer 'Falagard/Listbox' Look'N'Feel 'TaharezLook/Listbox' and RenderEffect ''. (0x7fff96d8f7f0)
25/03/2014 14:17:13 (Std) 	Creating falagard mapping for type 'TaharezLook/ListHeader' using base type 'CEGUI/ListHeader', window renderer 'Falagard/ListHeader' Look'N'Feel 'TaharezLook/ListHeader' and RenderEffect ''. (0x7fff96d8f7f0)
25/03/2014 14:17:13 (Std) 	Creating falagard mapping for type 'TaharezLook/ListHeaderSegment' using base type 'CEGUI/ListHeaderSegment', window renderer 'Falagard/ListHeaderSegment' Look'N'Feel 'TaharezLook/ListHeaderSegment' and RenderEffect ''. (0x7fff96d8f7f0)
25/03/2014 14:17:13 (Std) 	Creating falagard mapping for type 'TaharezLook/MultiColumnList' using base type 'CEGUI/MultiColumnList', window renderer 'Falagard/MultiColumnList' Look'N'Feel 'TaharezLook/MultiColumnList' and RenderEffect ''. (0x7fff96d8f7f0)
25/03/2014 14:17:13 (Std) 	Creating falagard mapping for type 'TaharezLook/Slider' using base type 'CEGUI/Slider', window renderer 'Falagard/Slider' Look'N'Feel 'TaharezLook/Slider' and RenderEffect ''. (0x7fff96d8f7f0)
25/03/2014 14:17:13 (Std) 	Creating falagard mapping for type 'TaharezLook/SliderThumb' using base type 'CEGUI/Thumb', window renderer 'Falagard/Button' Look'N'Feel 'TaharezLook/SliderThumb' and RenderEffect ''. (0x7fff96d8f7f0)
25/03/2014 14:17:13 (Std) 	Creating falagard mapping for type 'TaharezLook/ScrollablePane' using base type 'CEGUI/ScrollablePane', window renderer 'Falagard/ScrollablePane' Look'N'Feel 'TaharezLook/ScrollablePane' and RenderEffect ''. (0x7fff96d8f7f0)
25/03/2014 14:17:13 (Std) 	Creating falagard mapping for type 'TaharezLook/Spinner' using base type 'CEGUI/Spinner', window renderer 'Falagard/Default' Look'N'Feel 'TaharezLook/Spinner' and RenderEffect ''. (0x7fff96d8f7f0)
25/03/2014 14:17:13 (Std) 	Creating falagard mapping for type 'TaharezLook/Tooltip' using base type 'CEGUI/Tooltip', window renderer 'Falagard/Tooltip' Look'N'Feel 'TaharezLook/Tooltip' and RenderEffect ''. (0x7fff96d8f7f0)
25/03/2014 14:17:13 (Std) 	Creating falagard mapping for type 'TaharezLook/StaticImage' using base type 'DefaultWindow', window renderer 'Falagard/StaticImage' Look'N'Feel 'TaharezLook/StaticImage' and RenderEffect ''. (0x7fff96d8f7f0)
25/03/2014 14:17:13 (Std) 	Creating falagard mapping for type 'TaharezLook/StaticText' using base type 'DefaultWindow', window renderer 'Falagard/StaticText' Look'N'Feel 'TaharezLook/StaticText' and RenderEffect ''. (0x7fff96d8f7f0)
25/03/2014 14:17:13 (Std) 	Creating falagard mapping for type 'TaharezLook/ItemListbox' using base type 'CEGUI/ItemListbox', window renderer 'Falagard/ItemListbox' Look'N'Feel 'TaharezLook/ItemListbox' and RenderEffect ''. (0x7fff96d8f7f0)
25/03/2014 14:17:13 (Std) 	Creating falagard mapping for type 'TaharezLook/ListboxItem' using base type 'CEGUI/ItemEntry', window renderer 'Falagard/ItemEntry' Look'N'Feel 'TaharezLook/ListboxItem' and RenderEffect ''. (0x7fff96d8f7f0)
25/03/2014 14:17:13 (Std) 	Creating falagard mapping for type 'TaharezLook/GroupBox' using base type 'CEGUI/GroupBox', window renderer 'Falagard/Default' Look'N'Feel 'TaharezLook/GroupBox' and RenderEffect ''. (0x7fff96d8f7f0)
25/03/2014 14:17:13 (Std) 	Creating falagard mapping for type 'TaharezLook/Tree' using base type 'CEGUI/Tree', window renderer 'Falagard/Tree' Look'N'Feel 'TaharezLook/Tree' and RenderEffect ''. (0x7fff96d8f7f0)
25/03/2014 14:17:13 (Std) 	Attempting to create Imageset 'Background' using image file 'black_bg.jpg'.
25/03/2014 14:17:13 (Std) 	XercesParser::initialiseSchema - Attempting to load schema from file 'GUILayout.xsd'.
25/03/2014 14:17:13 (Std) 	XercesParser::initialiseSchema - XML schema file 'GUILayout.xsd' has been initialised.
25/03/2014 14:17:13 (Std) 	Attempting to create Imageset 'DejaVuSans-10_auto_glyph_images_ ' with texture only.
25/03/2014 14:17:13 (Std) 	---- Successfully completed loading of GUI layout from 'GameTitle.layout' ----
25/03/2014 14:17:13 (Std) 	XercesParser::initialiseSchema - Attempting to load schema from file 'GUILayout.xsd'.
25/03/2014 14:17:13 (Std) 	XercesParser::initialiseSchema - XML schema file 'GUILayout.xsd' has been initialised.
25/03/2014 14:17:13 (Std) 	---- Successfully completed loading of GUI layout from 'GameScore.layout' ----
25/03/2014 14:17:13 (Std) 	XercesParser::initialiseSchema - Attempting to load schema from file 'GUILayout.xsd'.
25/03/2014 14:17:13 (Std) 	XercesParser::initialiseSchema - XML schema file 'GUILayout.xsd' has been initialised.
25/03/2014 14:17:13 (Std) 	---- Successfully completed loading of GUI layout from 'GamePause.layout' ----
25/03/2014 14:17:13 (Std) 	XercesParser::initialiseSchema - Attempting to load schema from file 'GUILayout.xsd'.
25/03/2014 14:17:13 (Std) 	XercesParser::initialiseSchema - XML schema file 'GUILayout.xsd' has been initialised.
25/03/2014 14:17:13 (Std) 	---- Successfully completed loading of GUI layout from 'GameConfig.layout' ----
25/03/2014 14:17:13 (Std) 	XercesParser::initialiseSchema - Attempting to load schema from file 'GUILayout.xsd'.
25/03/2014 14:17:13 (Std) 	XercesParser::initialiseSchema - XML schema file 'GUILayout.xsd' has been initialised.
25/03/2014 14:17:13 (Std) 	---- Successfully completed loading of GUI layout from 'GameEnd.layout' ----
25/03/2014 14:17:13 (Std) 	XercesParser::initialiseSchema - Attempting to load schema from file 'Animation.xsd'.
25/03/2014 14:17:13 (Std) 	XercesParser::initialiseSchema - XML schema file 'Animation.xsd' has been initialised.
25/03/2014 14:17:13 (Std) 	===== Begin Animations parsing =====
25/03/2014 14:17:13 (Std) 	Defining animation named: Example1A  Duration: 0.3  Replay mode: once  Auto start: false
25/03/2014 14:17:13 (Std) 		Adding affector for property: Alpha  Interpolator: float  Application method: absolute
25/03/2014 14:17:13 (Std) 			Adding KeyFrame at position: 0  Value: 1
25/03/2014 14:17:13 (Std) 			Adding KeyFrame at position: 0.3  Value: 0.66  Progression: quadratic decelerating
25/03/2014 14:17:13 (Std) 		Adding subscription to event: MouseLeavesArea  Action: Start
25/03/2014 14:17:13 (Std) 	Defining animation named: Example1B  Duration: 0.3  Replay mode: once  Auto start: false
25/03/2014 14:17:13 (Std) 		Adding affector for property: Alpha  Interpolator: float  Application method: absolute
25/03/2014 14:17:13 (Std) 			Adding KeyFrame at position: 0  Value: 0.66
25/03/2014 14:17:13 (Std) 			Adding KeyFrame at position: 0.3  Value: 1  Progression: quadratic accelerating
25/03/2014 14:17:13 (Std) 		Adding subscription to event: MouseEntersArea  Action: Start
25/03/2014 14:17:13 (Std) 	Defining animation named: TestA  Duration: 0.4  Replay mode: once  Auto start: false
25/03/2014 14:17:13 (Std) 		Adding affector for property: Alpha  Interpolator: float  Application method: absolute
25/03/2014 14:17:13 (Std) 			Adding KeyFrame at position: 0  Value: 1
25/03/2014 14:17:13 (Std) 			Adding KeyFrame at position: 0.4  Value: .4  Progression: quadratic accelerating
25/03/2014 14:17:13 (Std) 		Adding subscription to event: MouseEntersArea  Action: Start
25/03/2014 14:17:13 (Std) 		Adding subscription to event: MouseLeavesArea  Action: Stop
25/03/2014 14:17:13 (Std) 	Defining animation named: TestB  Duration: 0.2  Replay mode: once  Auto start: false
25/03/2014 14:17:13 (Std) 		Adding affector for property: Alpha  Interpolator: float  Application method: absolute
25/03/2014 14:17:13 (Std) 			Adding KeyFrame at position: 0  Value: 0.4
25/03/2014 14:17:13 (Std) 			Adding KeyFrame at position: 0.2  Value: 1  Progression: linear
25/03/2014 14:17:13 (Std) 		Adding subscription to event: MouseLeavesArea  Action: Start
25/03/2014 14:17:13 (Std) 		Adding subscription to event: MouseEntersArea  Action: Stop
25/03/2014 14:17:13 (Std) 	===== End Animations parsing =====
