This file contains any messages produced by compilers while
running configure, to aid debugging if configure makes a mistake.

It was created by configure, which was
generated by GNU Autoconf 2.69.  Invocation command line was

  $ ./configure 

## --------- ##
## Platform. ##
## --------- ##

hostname = Vandercomp
uname -m = i686
uname -r = 3.8.0-29-generic
uname -s = Linux
uname -v = #42-Ubuntu SMP Tue Aug 13 23:12:18 UTC 2013

/usr/bin/uname -p = unknown
/bin/uname -X     = unknown

/bin/arch              = unknown
/usr/bin/arch -k       = unknown
/usr/convex/getsysinfo = unknown
/usr/bin/hostinfo      = unknown
/bin/machine           = unknown
/usr/bin/oslevel       = unknown
/bin/universe          = unknown

PATH: /usr/lib/lightdm/lightdm
PATH: /usr/local/sbin
PATH: /usr/local/bin
PATH: /usr/sbin
PATH: /usr/bin
PATH: /sbin
PATH: /bin
PATH: /usr/games
PATH: /usr/local/games


## ----------- ##
## Core tests. ##
## ----------- ##

configure:2312: checking for a BSD-compatible install
configure:2380: result: /usr/bin/install -c
configure:2391: checking whether build environment is sane
configure:2441: result: yes
configure:2582: checking for a thread-safe mkdir -p
configure:2621: result: /bin/mkdir -p
configure:2634: checking for gawk
configure:2664: result: no
configure:2634: checking for mawk
configure:2650: found /usr/bin/mawk
configure:2661: result: mawk
configure:2672: checking whether make sets $(MAKE)
configure:2694: result: yes
configure:2841: checking for g++
configure:2857: found /usr/bin/g++
configure:2868: result: g++
configure:2895: checking for C++ compiler version
configure:2904: g++ --version >&5
g++ (Ubuntu/Linaro 4.7.3-1ubuntu1) 4.7.3
Copyright (C) 2012 Free Software Foundation, Inc.
This is free software; see the source for copying conditions.  There is NO
warranty; not even for MERCHANTABILITY or FITNESS FOR A PARTICULAR PURPOSE.

configure:2915: $? = 0
configure:2904: g++ -v >&5
Using built-in specs.
COLLECT_GCC=g++
COLLECT_LTO_WRAPPER=/usr/lib/gcc/i686-linux-gnu/4.7/lto-wrapper
Target: i686-linux-gnu
Configured with: ../src/configure -v --with-pkgversion='Ubuntu/Linaro 4.7.3-1ubuntu1' --with-bugurl=file:///usr/share/doc/gcc-4.7/README.Bugs --enable-languages=c,c++,go,fortran,objc,obj-c++ --prefix=/usr --program-suffix=-4.7 --enable-shared --enable-linker-build-id --libexecdir=/usr/lib --without-included-gettext --enable-threads=posix --with-gxx-include-dir=/usr/include/c++/4.7 --libdir=/usr/lib --enable-nls --with-sysroot=/ --enable-clocale=gnu --enable-libstdcxx-debug --enable-libstdcxx-time=yes --enable-gnu-unique-object --enable-plugin --with-system-zlib --enable-objc-gc --enable-targets=all --with-cloog --enable-cloog-backend=ppl --disable-cloog-version-check --disable-ppl-version-check --enable-multiarch --disable-werror --with-arch-32=i686 --with-multilib-list=m32,m64,mx32 --with-tune=generic --enable-checking=release --build=i686-linux-gnu --host=i686-linux-gnu --target=i686-linux-gnu
Thread model: posix
gcc version 4.7.3 (Ubuntu/Linaro 4.7.3-1ubuntu1) 
configure:2915: $? = 0
configure:2904: g++ -V >&5
g++: error: unrecognized command line option '-V'
g++: fatal error: no input files
compilation terminated.
configure:2915: $? = 4
configure:2904: g++ -qversion >&5
g++: error: unrecognized command line option '-qversion'
g++: fatal error: no input files
compilation terminated.
configure:2915: $? = 4
configure:2935: checking whether the C++ compiler works
configure:2957: g++    conftest.cpp  >&5
configure:2961: $? = 0
configure:3009: result: yes
configure:3012: checking for C++ compiler default output file name
configure:3014: result: a.out
configure:3020: checking for suffix of executables
configure:3027: g++ -o conftest    conftest.cpp  >&5
configure:3031: $? = 0
configure:3053: result: 
configure:3075: checking whether we are cross compiling
configure:3083: g++ -o conftest    conftest.cpp  >&5
configure:3087: $? = 0
configure:3094: ./conftest
configure:3098: $? = 0
configure:3113: result: no
configure:3118: checking for suffix of object files
configure:3140: g++ -c   conftest.cpp >&5
configure:3144: $? = 0
configure:3165: result: o
configure:3169: checking whether we are using the GNU C++ compiler
configure:3188: g++ -c   conftest.cpp >&5
configure:3188: $? = 0
configure:3197: result: yes
configure:3206: checking whether g++ accepts -g
configure:3226: g++ -c -g  conftest.cpp >&5
configure:3226: $? = 0
configure:3267: result: yes
configure:3301: checking for style of include used by make
configure:3329: result: GNU
configure:3355: checking dependency style of g++
configure:3466: result: gcc3
configure:3510: checking build system type
configure:3524: result: i686-pc-linux-gnu
configure:3544: checking host system type
configure:3557: result: i686-pc-linux-gnu
configure:3598: checking how to print strings
configure:3625: result: printf
configure:3694: checking for gcc
configure:3710: found /usr/bin/gcc
configure:3721: result: gcc
configure:3950: checking for C compiler version
configure:3959: gcc --version >&5
gcc (Ubuntu/Linaro 4.7.3-1ubuntu1) 4.7.3
Copyright (C) 2012 Free Software Foundation, Inc.
This is free software; see the source for copying conditions.  There is NO
warranty; not even for MERCHANTABILITY or FITNESS FOR A PARTICULAR PURPOSE.

configure:3970: $? = 0
configure:3959: gcc -v >&5
Using built-in specs.
COLLECT_GCC=gcc
COLLECT_LTO_WRAPPER=/usr/lib/gcc/i686-linux-gnu/4.7/lto-wrapper
Target: i686-linux-gnu
Configured with: ../src/configure -v --with-pkgversion='Ubuntu/Linaro 4.7.3-1ubuntu1' --with-bugurl=file:///usr/share/doc/gcc-4.7/README.Bugs --enable-languages=c,c++,go,fortran,objc,obj-c++ --prefix=/usr --program-suffix=-4.7 --enable-shared --enable-linker-build-id --libexecdir=/usr/lib --without-included-gettext --enable-threads=posix --with-gxx-include-dir=/usr/include/c++/4.7 --libdir=/usr/lib --enable-nls --with-sysroot=/ --enable-clocale=gnu --enable-libstdcxx-debug --enable-libstdcxx-time=yes --enable-gnu-unique-object --enable-plugin --with-system-zlib --enable-objc-gc --enable-targets=all --with-cloog --enable-cloog-backend=ppl --disable-cloog-version-check --disable-ppl-version-check --enable-multiarch --disable-werror --with-arch-32=i686 --with-multilib-list=m32,m64,mx32 --with-tune=generic --enable-checking=release --build=i686-linux-gnu --host=i686-linux-gnu --target=i686-linux-gnu
Thread model: posix
gcc version 4.7.3 (Ubuntu/Linaro 4.7.3-1ubuntu1) 
configure:3970: $? = 0
configure:3959: gcc -V >&5
gcc: error: unrecognized command line option '-V'
gcc: fatal error: no input files
compilation terminated.
configure:3970: $? = 4
configure:3959: gcc -qversion >&5
gcc: error: unrecognized command line option '-qversion'
gcc: fatal error: no input files
compilation terminated.
configure:3970: $? = 4
configure:3974: checking whether we are using the GNU C compiler
configure:3993: gcc -c   conftest.c >&5
configure:3993: $? = 0
configure:4002: result: yes
configure:4011: checking whether gcc accepts -g
configure:4031: gcc -c -g  conftest.c >&5
configure:4031: $? = 0
configure:4072: result: yes
configure:4089: checking for gcc option to accept ISO C89
configure:4152: gcc  -c -g -O2  conftest.c >&5
configure:4152: $? = 0
configure:4165: result: none needed
configure:4187: checking dependency style of gcc
configure:4298: result: gcc3
configure:4313: checking for a sed that does not truncate output
configure:4377: result: /bin/sed
configure:4395: checking for grep that handles long lines and -e
configure:4453: result: /bin/grep
configure:4458: checking for egrep
configure:4520: result: /bin/grep -E
configure:4525: checking for fgrep
configure:4587: result: /bin/grep -F
configure:4622: checking for ld used by gcc
configure:4689: result: /usr/bin/ld
configure:4696: checking if the linker (/usr/bin/ld) is GNU ld
configure:4711: result: yes
configure:4723: checking for BSD- or MS-compatible name lister (nm)
configure:4772: result: /usr/bin/nm -B
configure:4902: checking the name lister (/usr/bin/nm -B) interface
configure:4909: g++ -c -g -O2  conftest.cpp >&5
configure:4912: /usr/bin/nm -B "conftest.o"
configure:4915: output
00000000 B some_variable
configure:4922: result: BSD nm
configure:4925: checking whether ln -s works
configure:4929: result: yes
configure:4937: checking the maximum length of command line arguments
configure:5068: result: 1572864
configure:5085: checking whether the shell understands some XSI constructs
configure:5095: result: yes
configure:5099: checking whether the shell understands "+="
configure:5105: result: yes
configure:5140: checking how to convert i686-pc-linux-gnu file names to i686-pc-linux-gnu format
configure:5180: result: func_convert_file_noop
configure:5187: checking how to convert i686-pc-linux-gnu file names to toolchain format
configure:5207: result: func_convert_file_noop
configure:5214: checking for /usr/bin/ld option to reload object files
configure:5221: result: -r
configure:5295: checking for objdump
configure:5311: found /usr/bin/objdump
configure:5322: result: objdump
configure:5354: checking how to recognize dependent libraries
configure:5552: result: pass_all
configure:5637: checking for dlltool
configure:5667: result: no
configure:5697: checking how to associate runtime and link libraries
configure:5724: result: printf %s\n
configure:5785: checking for ar
configure:5801: found /usr/bin/ar
configure:5812: result: ar
configure:5849: checking for archiver @FILE support
configure:5866: g++ -c -g -O2  conftest.cpp >&5
configure:5866: $? = 0
configure:5869: ar cru libconftest.a @conftest.lst >&5
configure:5872: $? = 0
configure:5877: ar cru libconftest.a @conftest.lst >&5
ar: conftest.o: No such file or directory
configure:5880: $? = 1
configure:5892: result: @
configure:5950: checking for strip
configure:5966: found /usr/bin/strip
configure:5977: result: strip
configure:6049: checking for ranlib
configure:6065: found /usr/bin/ranlib
configure:6076: result: ranlib
configure:6178: checking command to parse /usr/bin/nm -B output from gcc object
configure:6298: g++ -c -g -O2  conftest.cpp >&5
configure:6301: $? = 0
configure:6305: /usr/bin/nm -B conftest.o \| sed -n -e 's/^.*[ ]\([ABCDGIRSTW][ABCDGIRSTW]*\)[ ][ ]*\([_A-Za-z][_A-Za-z0-9]*\)$/\1 \2 \2/p' | sed '/ __gnu_lto/d' \> conftest.nm
configure:6308: $? = 0
configure:6374: g++ -o conftest -g -O2   conftest.cpp conftstm.o >&5
configure:6377: $? = 0
configure:6415: result: ok
configure:6452: checking for sysroot
configure:6482: result: no
configure:6746: checking for mt
configure:6762: found /bin/mt
configure:6773: result: mt
configure:6796: checking if mt is a manifest tool
configure:6802: mt '-?'
configure:6810: result: no
configure:7452: checking how to run the C preprocessor
configure:7483: gcc -E  conftest.c
configure:7483: $? = 0
configure:7497: gcc -E  conftest.c
conftest.c:11:28: fatal error: ac_nonexistent.h: No such file or directory
compilation terminated.
configure:7497: $? = 1
configure: failed program was:
| /* confdefs.h */
| #define PACKAGE_NAME ""
| #define PACKAGE_TARNAME ""
| #define PACKAGE_VERSION ""
| #define PACKAGE_STRING ""
| #define PACKAGE_BUGREPORT ""
| #define PACKAGE_URL ""
| #define PACKAGE "SampleApp"
| #define VERSION "0.1"
| /* end confdefs.h.  */
| #include <ac_nonexistent.h>
configure:7522: result: gcc -E
configure:7542: gcc -E  conftest.c
configure:7542: $? = 0
configure:7556: gcc -E  conftest.c
conftest.c:11:28: fatal error: ac_nonexistent.h: No such file or directory
compilation terminated.
configure:7556: $? = 1
configure: failed program was:
| /* confdefs.h */
| #define PACKAGE_NAME ""
| #define PACKAGE_TARNAME ""
| #define PACKAGE_VERSION ""
| #define PACKAGE_STRING ""
| #define PACKAGE_BUGREPORT ""
| #define PACKAGE_URL ""
| #define PACKAGE "SampleApp"
| #define VERSION "0.1"
| /* end confdefs.h.  */
| #include <ac_nonexistent.h>
configure:7585: checking for ANSI C header files
configure:7605: gcc -c -g -O2  conftest.c >&5
configure:7605: $? = 0
configure:7678: gcc -o conftest -g -O2   conftest.c  >&5
configure:7678: $? = 0
configure:7678: ./conftest
configure:7678: $? = 0
configure:7689: result: yes
configure:7702: checking for sys/types.h
configure:7702: gcc -c -g -O2  conftest.c >&5
configure:7702: $? = 0
configure:7702: result: yes
configure:7702: checking for sys/stat.h
configure:7702: gcc -c -g -O2  conftest.c >&5
configure:7702: $? = 0
configure:7702: result: yes
configure:7702: checking for stdlib.h
configure:7702: gcc -c -g -O2  conftest.c >&5
configure:7702: $? = 0
configure:7702: result: yes
configure:7702: checking for string.h
configure:7702: gcc -c -g -O2  conftest.c >&5
configure:7702: $? = 0
configure:7702: result: yes
configure:7702: checking for memory.h
configure:7702: gcc -c -g -O2  conftest.c >&5
configure:7702: $? = 0
configure:7702: result: yes
configure:7702: checking for strings.h
configure:7702: gcc -c -g -O2  conftest.c >&5
configure:7702: $? = 0
configure:7702: result: yes
configure:7702: checking for inttypes.h
configure:7702: gcc -c -g -O2  conftest.c >&5
configure:7702: $? = 0
configure:7702: result: yes
configure:7702: checking for stdint.h
configure:7702: gcc -c -g -O2  conftest.c >&5
configure:7702: $? = 0
configure:7702: result: yes
configure:7702: checking for unistd.h
configure:7702: gcc -c -g -O2  conftest.c >&5
configure:7702: $? = 0
configure:7702: result: yes
configure:7716: checking for dlfcn.h
configure:7716: gcc -c -g -O2  conftest.c >&5
configure:7716: $? = 0
configure:7716: result: yes
configure:7932: checking for objdir
configure:7947: result: .libs
configure:8214: checking if gcc supports -fno-rtti -fno-exceptions
configure:8232: gcc -c -g -O2  -fno-rtti -fno-exceptions conftest.c >&5
cc1: warning: command line option '-fno-rtti' is valid for C++/ObjC++ but not for C [enabled by default]
configure:8236: $? = 0
configure:8249: result: no
configure:8576: checking for gcc option to produce PIC
configure:8583: result: -fPIC -DPIC
configure:8591: checking if gcc PIC flag -fPIC -DPIC works
configure:8609: gcc -c -g -O2  -fPIC -DPIC -DPIC conftest.c >&5
configure:8613: $? = 0
configure:8626: result: yes
configure:8655: checking if gcc static flag -static works
configure:8683: result: yes
configure:8698: checking if gcc supports -c -o file.o
configure:8719: gcc -c -g -O2  -o out/conftest2.o conftest.c >&5
configure:8723: $? = 0
configure:8745: result: yes
configure:8753: checking if gcc supports -c -o file.o
configure:8800: result: yes
configure:8833: checking whether the gcc linker (/usr/bin/ld) supports shared libraries
configure:9990: result: yes
configure:10027: checking whether -lc should be explicitly linked in
configure:10035: gcc -c -g -O2  conftest.c >&5
configure:10038: $? = 0
configure:10053: gcc -shared  -fPIC -DPIC conftest.o  -v -Wl,-soname -Wl,conftest -o conftest 2\>\&1 \| /bin/grep  -lc  \>/dev/null 2\>\&1
configure:10056: $? = 0
configure:10070: result: no
configure:10230: checking dynamic linker characteristics
configure:10730: gcc -o conftest -g -O2   -Wl,-rpath -Wl,/foo conftest.c  >&5
configure:10730: $? = 0
configure:10964: result: GNU/Linux ld.so
configure:11071: checking how to hardcode library paths into programs
configure:11096: result: immediate
configure:11636: checking whether stripping libraries is possible
configure:11641: result: yes
configure:11676: checking if libtool supports shared libraries
configure:11678: result: yes
configure:11681: checking whether to build shared libraries
configure:11702: result: yes
configure:11705: checking whether to build static libraries
configure:11709: result: yes
configure:11732: checking how to run the C++ preprocessor
configure:11759: g++ -E  conftest.cpp
configure:11759: $? = 0
configure:11773: g++ -E  conftest.cpp
conftest.cpp:23:28: fatal error: ac_nonexistent.h: No such file or directory
compilation terminated.
configure:11773: $? = 1
configure: failed program was:
| /* confdefs.h */
| #define PACKAGE_NAME ""
| #define PACKAGE_TARNAME ""
| #define PACKAGE_VERSION ""
| #define PACKAGE_STRING ""
| #define PACKAGE_BUGREPORT ""
| #define PACKAGE_URL ""
| #define PACKAGE "SampleApp"
| #define VERSION "0.1"
| #define STDC_HEADERS 1
| #define HAVE_SYS_TYPES_H 1
| #define HAVE_SYS_STAT_H 1
| #define HAVE_STDLIB_H 1
| #define HAVE_STRING_H 1
| #define HAVE_MEMORY_H 1
| #define HAVE_STRINGS_H 1
| #define HAVE_INTTYPES_H 1
| #define HAVE_STDINT_H 1
| #define HAVE_UNISTD_H 1
| #define HAVE_DLFCN_H 1
| #define LT_OBJDIR ".libs/"
| /* end confdefs.h.  */
| #include <ac_nonexistent.h>
configure:11798: result: g++ -E
configure:11818: g++ -E  conftest.cpp
configure:11818: $? = 0
configure:11832: g++ -E  conftest.cpp
conftest.cpp:23:28: fatal error: ac_nonexistent.h: No such file or directory
compilation terminated.
configure:11832: $? = 1
configure: failed program was:
| /* confdefs.h */
| #define PACKAGE_NAME ""
| #define PACKAGE_TARNAME ""
| #define PACKAGE_VERSION ""
| #define PACKAGE_STRING ""
| #define PACKAGE_BUGREPORT ""
| #define PACKAGE_URL ""
| #define PACKAGE "SampleApp"
| #define VERSION "0.1"
| #define STDC_HEADERS 1
| #define HAVE_SYS_TYPES_H 1
| #define HAVE_SYS_STAT_H 1
| #define HAVE_STDLIB_H 1
| #define HAVE_STRING_H 1
| #define HAVE_MEMORY_H 1
| #define HAVE_STRINGS_H 1
| #define HAVE_INTTYPES_H 1
| #define HAVE_STDINT_H 1
| #define HAVE_UNISTD_H 1
| #define HAVE_DLFCN_H 1
| #define LT_OBJDIR ".libs/"
| /* end confdefs.h.  */
| #include <ac_nonexistent.h>
configure:12001: checking for ld used by g++
configure:12068: result: /usr/bin/ld
configure:12075: checking if the linker (/usr/bin/ld) is GNU ld
configure:12090: result: yes
configure:12145: checking whether the g++ linker (/usr/bin/ld) supports shared libraries
configure:13147: result: yes
configure:13183: g++ -c -g -O2  conftest.cpp >&5
configure:13186: $? = 0
configure:13706: checking for g++ option to produce PIC
configure:13713: result: -fPIC -DPIC
configure:13721: checking if g++ PIC flag -fPIC -DPIC works
configure:13739: g++ -c -g -O2  -fPIC -DPIC -DPIC conftest.cpp >&5
configure:13743: $? = 0
configure:13756: result: yes
configure:13779: checking if g++ static flag -static works
configure:13807: result: yes
configure:13819: checking if g++ supports -c -o file.o
configure:13840: g++ -c -g -O2  -o out/conftest2.o conftest.cpp >&5
configure:13844: $? = 0
configure:13866: result: yes
configure:13871: checking if g++ supports -c -o file.o
configure:13918: result: yes
configure:13948: checking whether the g++ linker (/usr/bin/ld) supports shared libraries
configure:13987: result: yes
configure:14128: checking dynamic linker characteristics
configure:14796: result: GNU/Linux ld.so
configure:14849: checking how to hardcode library paths into programs
configure:14874: result: immediate
configure:14990: checking for pkg-config
configure:15008: found /usr/bin/pkg-config
configure:15020: result: /usr/bin/pkg-config
configure:15045: checking pkg-config is at least version 0.9.0
configure:15048: result: yes
configure:15058: checking for OGRE
configure:15065: $PKG_CONFIG --exists --print-errors "OGRE >= 1.2"
configure:15068: $? = 0
configure:15082: $PKG_CONFIG --exists --print-errors "OGRE >= 1.2"
configure:15085: $? = 0
configure:15143: result: yes
configure:15152: checking for OIS
configure:15159: $PKG_CONFIG --exists --print-errors "OIS >= 1.0"
configure:15162: $? = 0
configure:15176: $PKG_CONFIG --exists --print-errors "OIS >= 1.0"
configure:15179: $? = 0
configure:15237: result: yes
configure:15246: checking for bullet
configure:15253: $PKG_CONFIG --exists --print-errors "bullet >= 2.79"
configure:15256: $? = 0
configure:15270: $PKG_CONFIG --exists --print-errors "bullet >= 2.79"
configure:15273: $? = 0
configure:15331: result: yes
configure:15474: creating ./config.status

## ---------------------- ##
## Running config.status. ##
## ---------------------- ##

This file was extended by config.status, which was
generated by GNU Autoconf 2.69.  Invocation command line was

  CONFIG_FILES    = 
  CONFIG_HEADERS  = 
  CONFIG_LINKS    = 
  CONFIG_COMMANDS = 
  $ ./config.status 

on Vandercomp

config.status:1150: creating Makefile
config.status:1150: creating config.h
config.status:1331: config.h is unchanged
config.status:1379: executing depfiles commands
config.status:1379: executing libtool commands

## ---------------- ##
## Cache variables. ##
## ---------------- ##

ac_cv_build=i686-pc-linux-gnu
ac_cv_c_compiler_gnu=yes
ac_cv_cxx_compiler_gnu=yes
ac_cv_env_CCC_set=
ac_cv_env_CCC_value=
ac_cv_env_CC_set=
ac_cv_env_CC_value=
ac_cv_env_CFLAGS_set=
ac_cv_env_CFLAGS_value=
ac_cv_env_CPPFLAGS_set=
ac_cv_env_CPPFLAGS_value=
ac_cv_env_CPP_set=
ac_cv_env_CPP_value=
ac_cv_env_CXXCPP_set=
ac_cv_env_CXXCPP_value=
ac_cv_env_CXXFLAGS_set=
ac_cv_env_CXXFLAGS_value=
ac_cv_env_CXX_set=
ac_cv_env_CXX_value=
ac_cv_env_LDFLAGS_set=
ac_cv_env_LDFLAGS_value=
ac_cv_env_LIBS_set=
ac_cv_env_LIBS_value=
ac_cv_env_OGRE_CFLAGS_set=
ac_cv_env_OGRE_CFLAGS_value=
ac_cv_env_OGRE_LIBS_set=
ac_cv_env_OGRE_LIBS_value=
ac_cv_env_OIS_CFLAGS_set=
ac_cv_env_OIS_CFLAGS_value=
ac_cv_env_OIS_LIBS_set=
ac_cv_env_OIS_LIBS_value=
ac_cv_env_PKG_CONFIG_LIBDIR_set=
ac_cv_env_PKG_CONFIG_LIBDIR_value=
ac_cv_env_PKG_CONFIG_PATH_set=
ac_cv_env_PKG_CONFIG_PATH_value=
ac_cv_env_PKG_CONFIG_set=
ac_cv_env_PKG_CONFIG_value=
ac_cv_env_build_alias_set=
ac_cv_env_build_alias_value=
ac_cv_env_bullet_CFLAGS_set=
ac_cv_env_bullet_CFLAGS_value=
ac_cv_env_bullet_LIBS_set=
ac_cv_env_bullet_LIBS_value=
ac_cv_env_host_alias_set=
ac_cv_env_host_alias_value=
ac_cv_env_target_alias_set=
ac_cv_env_target_alias_value=
ac_cv_header_dlfcn_h=yes
ac_cv_header_inttypes_h=yes
ac_cv_header_memory_h=yes
ac_cv_header_stdc=yes
ac_cv_header_stdint_h=yes
ac_cv_header_stdlib_h=yes
ac_cv_header_string_h=yes
ac_cv_header_strings_h=yes
ac_cv_header_sys_stat_h=yes
ac_cv_header_sys_types_h=yes
ac_cv_header_unistd_h=yes
ac_cv_host=i686-pc-linux-gnu
ac_cv_objext=o
ac_cv_path_EGREP='/bin/grep -E'
ac_cv_path_FGREP='/bin/grep -F'
ac_cv_path_GREP=/bin/grep
ac_cv_path_SED=/bin/sed
ac_cv_path_ac_pt_PKG_CONFIG=/usr/bin/pkg-config
ac_cv_path_install='/usr/bin/install -c'
ac_cv_path_mkdir=/bin/mkdir
ac_cv_prog_AWK=mawk
ac_cv_prog_CPP='gcc -E'
ac_cv_prog_CXXCPP='g++ -E'
ac_cv_prog_ac_ct_AR=ar
ac_cv_prog_ac_ct_CC=gcc
ac_cv_prog_ac_ct_CXX=g++
ac_cv_prog_ac_ct_MANIFEST_TOOL=mt
ac_cv_prog_ac_ct_OBJDUMP=objdump
ac_cv_prog_ac_ct_RANLIB=ranlib
ac_cv_prog_ac_ct_STRIP=strip
ac_cv_prog_cc_c89=
ac_cv_prog_cc_g=yes
ac_cv_prog_cxx_g=yes
ac_cv_prog_make_make_set=yes
am_cv_CC_dependencies_compiler_type=gcc3
am_cv_CXX_dependencies_compiler_type=gcc3
lt_cv_ar_at_file=@
lt_cv_archive_cmds_need_lc=no
lt_cv_deplibs_check_method=pass_all
lt_cv_file_magic_cmd='$MAGIC_CMD'
lt_cv_file_magic_test_file=
lt_cv_ld_reload_flag=-r
lt_cv_nm_interface='BSD nm'
lt_cv_objdir=.libs
lt_cv_path_LD=/usr/bin/ld
lt_cv_path_LDCXX=/usr/bin/ld
lt_cv_path_NM='/usr/bin/nm -B'
lt_cv_path_mainfest_tool=no
lt_cv_prog_compiler_c_o=yes
lt_cv_prog_compiler_c_o_CXX=yes
lt_cv_prog_compiler_pic='-fPIC -DPIC'
lt_cv_prog_compiler_pic_CXX='-fPIC -DPIC'
lt_cv_prog_compiler_pic_works=yes
lt_cv_prog_compiler_pic_works_CXX=yes
lt_cv_prog_compiler_rtti_exceptions=no
lt_cv_prog_compiler_static_works=yes
lt_cv_prog_compiler_static_works_CXX=yes
lt_cv_prog_gnu_ld=yes
lt_cv_prog_gnu_ldcxx=yes
lt_cv_sharedlib_from_linklib_cmd='printf %s\n'
lt_cv_shlibpath_overrides_runpath=no
lt_cv_sys_global_symbol_pipe='sed -n -e '\''s/^.*[	 ]\([ABCDGIRSTW][ABCDGIRSTW]*\)[	 ][	 ]*\([_A-Za-z][_A-Za-z0-9]*\)$/\1 \2 \2/p'\'' | sed '\''/ __gnu_lto/d'\'''
lt_cv_sys_global_symbol_to_c_name_address='sed -n -e '\''s/^: \([^ ]*\)[ ]*$/  {\"\1\", (void *) 0},/p'\'' -e '\''s/^[ABCDGIRSTW]* \([^ ]*\) \([^ ]*\)$/  {"\2", (void *) \&\2},/p'\'''
lt_cv_sys_global_symbol_to_c_name_address_lib_prefix='sed -n -e '\''s/^: \([^ ]*\)[ ]*$/  {\"\1\", (void *) 0},/p'\'' -e '\''s/^[ABCDGIRSTW]* \([^ ]*\) \(lib[^ ]*\)$/  {"\2", (void *) \&\2},/p'\'' -e '\''s/^[ABCDGIRSTW]* \([^ ]*\) \([^ ]*\)$/  {"lib\2", (void *) \&\2},/p'\'''
lt_cv_sys_global_symbol_to_cdecl='sed -n -e '\''s/^T .* \(.*\)$/extern int \1();/p'\'' -e '\''s/^[ABCDGIRSTW]* .* \(.*\)$/extern char \1;/p'\'''
lt_cv_sys_max_cmd_len=1572864
lt_cv_to_host_file_cmd=func_convert_file_noop
lt_cv_to_tool_file_cmd=func_convert_file_noop
pkg_cv_OGRE_CFLAGS='-I/usr/local/include -I/usr/local/include/OGRE  '
pkg_cv_OGRE_LIBS='-L/usr/local/lib -lOgreMain  '
pkg_cv_OIS_CFLAGS='-I/usr/local/include/OIS -I/usr/local/include  '
pkg_cv_OIS_LIBS='-L/usr/local/lib -lOIS  '
pkg_cv_bullet_CFLAGS='-I/usr/lib/bullet  '
pkg_cv_bullet_LIBS='-lBulletSoftBody -lBulletDynamics -lBulletCollision -lLinearMath  '

## ----------------- ##
## Output variables. ##
## ----------------- ##

ACLOCAL='${SHELL} /home/kvander/Desktop/354R/cs354r-assignment2/missing --run aclocal-1.11'
AMDEPBACKSLASH='\'
AMDEP_FALSE='#'
AMDEP_TRUE=''
AMTAR='$${TAR-tar}'
AR='ar'
AUTOCONF='${SHELL} /home/kvander/Desktop/354R/cs354r-assignment2/missing --run autoconf'
AUTOHEADER='${SHELL} /home/kvander/Desktop/354R/cs354r-assignment2/missing --run autoheader'
AUTOMAKE='${SHELL} /home/kvander/Desktop/354R/cs354r-assignment2/missing --run automake-1.11'
AWK='mawk'
BULLET_CFLAGS=''
BULLET_LIBS=''
CC='gcc'
CCDEPMODE='depmode=gcc3'
CFLAGS='-g -O2'
CPP='gcc -E'
CPPFLAGS=''
CXX='g++'
CXXCPP='g++ -E'
CXXDEPMODE='depmode=gcc3'
CXXFLAGS='-g -O2'
CYGPATH_W='echo'
DEFS='-DHAVE_CONFIG_H'
DEPDIR='.deps'
DLLTOOL='false'
DSYMUTIL=''
DUMPBIN=''
ECHO_C=''
ECHO_N='-n'
ECHO_T=''
EGREP='/bin/grep -E'
EXEEXT=''
FGREP='/bin/grep -F'
GREP='/bin/grep'
INSTALL_DATA='${INSTALL} -m 644'
INSTALL_PROGRAM='${INSTALL}'
INSTALL_SCRIPT='${INSTALL}'
INSTALL_STRIP_PROGRAM='$(install_sh) -c -s'
LD='/usr/bin/ld'
LDFLAGS=''
LIBOBJS=''
LIBS=''
LIBTOOL='$(SHELL) $(top_builddir)/libtool'
LIPO=''
LN_S='ln -s'
LTLIBOBJS=''
MAKEINFO='${SHELL} /home/kvander/Desktop/354R/cs354r-assignment2/missing --run makeinfo'
MANIFEST_TOOL=':'
MKDIR_P='/bin/mkdir -p'
NM='/usr/bin/nm -B'
NMEDIT=''
OBJDUMP='objdump'
OBJEXT='o'
OGRE_CFLAGS='-I/usr/local/include -I/usr/local/include/OGRE  '
OGRE_LIBS='-L/usr/local/lib -lOgreMain  '
OIS_CFLAGS='-I/usr/local/include/OIS -I/usr/local/include  '
OIS_LIBS='-L/usr/local/lib -lOIS  '
OTOOL64=''
OTOOL=''
PACKAGE='SampleApp'
PACKAGE_BUGREPORT=''
PACKAGE_NAME=''
PACKAGE_STRING=''
PACKAGE_TARNAME=''
PACKAGE_URL=''
PACKAGE_VERSION=''
PATH_SEPARATOR=':'
PKG_CONFIG='/usr/bin/pkg-config'
PKG_CONFIG_LIBDIR=''
PKG_CONFIG_PATH=''
RANLIB='ranlib'
SED='/bin/sed'
SET_MAKE=''
SHELL='/bin/bash'
STRIP='strip'
VERSION='0.1'
ac_ct_AR='ar'
ac_ct_CC='gcc'
ac_ct_CXX='g++'
ac_ct_DUMPBIN=''
am__EXEEXT_FALSE=''
am__EXEEXT_TRUE='#'
am__fastdepCC_FALSE='#'
am__fastdepCC_TRUE=''
am__fastdepCXX_FALSE='#'
am__fastdepCXX_TRUE=''
am__include='include'
am__isrc=''
am__leading_dot='.'
am__nodep='_no'
am__quote=''
am__tar='$${TAR-tar} chof - "$$tardir"'
am__untar='$${TAR-tar} xf -'
bindir='${exec_prefix}/bin'
build='i686-pc-linux-gnu'
build_alias=''
build_cpu='i686'
build_os='linux-gnu'
build_vendor='pc'
bullet_CFLAGS='-I/usr/lib/bullet  '
bullet_LIBS='-lBulletSoftBody -lBulletDynamics -lBulletCollision -lLinearMath  '
datadir='${datarootdir}'
datarootdir='${prefix}/share'
docdir='${datarootdir}/doc/${PACKAGE}'
dvidir='${docdir}'
exec_prefix='${prefix}'
host='i686-pc-linux-gnu'
host_alias=''
host_cpu='i686'
host_os='linux-gnu'
host_vendor='pc'
htmldir='${docdir}'
includedir='${prefix}/include'
infodir='${datarootdir}/info'
install_sh='${SHELL} /home/kvander/Desktop/354R/cs354r-assignment2/install-sh'
libdir='${exec_prefix}/lib'
libexecdir='${exec_prefix}/libexec'
localedir='${datarootdir}/locale'
localstatedir='${prefix}/var'
mandir='${datarootdir}/man'
mkdir_p='/bin/mkdir -p'
oldincludedir='/usr/include'
pdfdir='${docdir}'
prefix='/usr/local'
program_transform_name='s,x,x,'
psdir='${docdir}'
sbindir='${exec_prefix}/sbin'
sharedstatedir='${prefix}/com'
sysconfdir='${prefix}/etc'
target_alias=''

## ----------- ##
## confdefs.h. ##
## ----------- ##

/* confdefs.h */
#define PACKAGE_NAME ""
#define PACKAGE_TARNAME ""
#define PACKAGE_VERSION ""
#define PACKAGE_STRING ""
#define PACKAGE_BUGREPORT ""
#define PACKAGE_URL ""
#define PACKAGE "SampleApp"
#define VERSION "0.1"
#define STDC_HEADERS 1
#define HAVE_SYS_TYPES_H 1
#define HAVE_SYS_STAT_H 1
#define HAVE_STDLIB_H 1
#define HAVE_STRING_H 1
#define HAVE_MEMORY_H 1
#define HAVE_STRINGS_H 1
#define HAVE_INTTYPES_H 1
#define HAVE_STDINT_H 1
#define HAVE_UNISTD_H 1
#define HAVE_DLFCN_H 1
#define LT_OBJDIR ".libs/"

configure: exit 0

## ---------------------- ##
## Running config.status. ##
## ---------------------- ##

This file was extended by config.status, which was
generated by GNU Autoconf 2.69.  Invocation command line was

  CONFIG_FILES    = 
  CONFIG_HEADERS  = 
  CONFIG_LINKS    = 
  CONFIG_COMMANDS = 
  $ ./config.status Makefile depfiles

on Vandercomp

config.status:1150: creating Makefile
config.status:1379: executing depfiles commands
