01:35:31: Creating resource group General
01:35:31: Creating resource group Internal
01:35:31: Creating resource group Autodetect
01:35:31: SceneManagerFactory for type 'DefaultSceneManager' registered.
01:35:31: Registering ResourceManager for type Material
01:35:31: Registering ResourceManager for type Mesh
01:35:31: Registering ResourceManager for type Skeleton
01:35:31: MovableObjectFactory for type 'ParticleSystem' registered.
01:35:31: OverlayElementFactory for type Panel registered.
01:35:31: OverlayElementFactory for type BorderPanel registered.
01:35:31: OverlayElementFactory for type TextArea registered.
01:35:31: Registering ResourceManager for type Font
01:35:31: ArchiveFactory for archive type FileSystem registered.
01:35:31: ArchiveFactory for archive type Zip registered.
01:35:31: ArchiveFactory for archive type EmbeddedZip registered.
01:35:31: DDS codec registering
01:35:31: FreeImage version: 3.15.1
01:35:31: This program uses FreeImage, a free, open source image library supporting all common bitmap formats. See http://freeimage.sourceforge.net for details
01:35:31: Supported formats: bmp,ico,jpg,jif,jpeg,jpe,jng,koa,iff,lbm,mng,pbm,pbm,pcd,pcx,pgm,pgm,png,ppm,ppm,ras,tga,targa,tif,tiff,wap,wbmp,wbm,psd,cut,xbm,xpm,gif,hdr,g3,sgi,exr,j2k,j2c,jp2,pfm,pct,pict,pic,3fr,arw,bay,bmq,cap,cine,cr2,crw,cs1,dc2,dcr,drf,dsc,dng,erf,fff,ia,iiq,k25,kc2,kdc,mdc,mef,mos,mrw,nef,nrw,orf,pef,ptx,pxn,qtk,raf,raw,rdc,rw2,rwl,rwz,sr2,srf,sti
01:35:31: Registering ResourceManager for type HighLevelGpuProgram
01:35:31: Registering ResourceManager for type Compositor
01:35:31: MovableObjectFactory for type 'Entity' registered.
01:35:31: MovableObjectFactory for type 'Light' registered.
01:35:31: MovableObjectFactory for type 'BillboardSet' registered.
01:35:31: MovableObjectFactory for type 'ManualObject' registered.
01:35:31: MovableObjectFactory for type 'BillboardChain' registered.
01:35:31: MovableObjectFactory for type 'RibbonTrail' registered.
01:35:31: Loading library /usr/local/lib/OGRE/RenderSystem_GL
01:35:31: Installing plugin: GL RenderSystem
01:35:31: OpenGL Rendering Subsystem created.
01:35:31: Plugin successfully installed
01:35:31: Loading library /usr/local/lib/OGRE/Plugin_ParticleFX
01:35:31: Installing plugin: ParticleFX
01:35:31: Particle Emitter Type 'Point' registered
01:35:31: Particle Emitter Type 'Box' registered
01:35:31: Particle Emitter Type 'Ellipsoid' registered
01:35:31: Particle Emitter Type 'Cylinder' registered
01:35:31: Particle Emitter Type 'Ring' registered
01:35:31: Particle Emitter Type 'HollowEllipsoid' registered
01:35:31: Particle Affector Type 'LinearForce' registered
01:35:31: Particle Affector Type 'ColourFader' registered
01:35:31: Particle Affector Type 'ColourFader2' registered
01:35:31: Particle Affector Type 'ColourImage' registered
01:35:31: Particle Affector Type 'ColourInterpolator' registered
01:35:31: Particle Affector Type 'Scaler' registered
01:35:31: Particle Affector Type 'Rotator' registered
01:35:31: Particle Affector Type 'DirectionRandomiser' registered
01:35:31: Particle Affector Type 'DeflectorPlane' registered
01:35:31: Plugin successfully installed
01:35:31: Loading library /usr/local/lib/OGRE/Plugin_BSPSceneManager
01:35:31: Installing plugin: BSP Scene Manager
01:35:31: Plugin successfully installed
01:35:31: Loading library /usr/local/lib/OGRE/Plugin_PCZSceneManager
01:35:31: Installing plugin: Portal Connected Zone Scene Manager
01:35:31: PCZone Factory Type 'ZoneType_Default' registered
01:35:31: Plugin successfully installed
01:35:31: Loading library /usr/local/lib/OGRE/Plugin_OctreeZone
01:35:31: Installing plugin: Octree Zone Factory
01:35:31: Plugin successfully installed
01:35:31: Loading library /usr/local/lib/OGRE/Plugin_OctreeSceneManager
01:35:31: Installing plugin: Octree Scene Manager
01:35:31: Plugin successfully installed
01:35:31: *-*-* OGRE Initialising
01:35:31: *-*-* Version 1.8.1 (Byatis)
01:35:31: Creating resource group Essential
01:35:31: Added resource location 'media/packs/SdkTrays.zip' of type 'Zip' to resource group 'Essential'
01:35:31: Added resource location 'media' of type 'FileSystem' to resource group 'General'
01:35:31: Added resource location 'media/materials/programs' of type 'FileSystem' to resource group 'General'
01:35:31: Added resource location 'media/materials/scripts' of type 'FileSystem' to resource group 'General'
01:35:31: Added resource location 'media/materials/textures' of type 'FileSystem' to resource group 'General'
01:35:31: Added resource location 'media/models' of type 'FileSystem' to resource group 'General'
01:35:35: CPU Identifier & Features
01:35:35: -------------------------
01:35:35:  *   CPU ID: AuthenticAMD: AMD Turion(tm) II Dual-Core Mobile M500
01:35:35:  *      SSE: yes
01:35:35:  *     SSE2: yes
01:35:35:  *     SSE3: yes
01:35:35:  *      MMX: yes
01:35:35:  *   MMXEXT: yes
01:35:35:  *    3DNOW: yes
01:35:35:  * 3DNOWEXT: yes
01:35:35:  *     CMOV: yes
01:35:35:  *      TSC: yes
01:35:35:  *      FPU: yes
01:35:35:  *      PRO: yes
01:35:35:  *       HT: no
01:35:35: -------------------------
01:35:35: ******************************
*** Starting GLX Subsystem ***
******************************
01:35:35: Registering ResourceManager for type Texture
01:35:35: GLRenderSystem::_createRenderWindow "TutorialApplication Render Window", 800x600 windowed  miscParams: FSAA=0 displayFrequency=50 MHz gamma=No vsync=No 
01:35:35: GLXWindow::create used FBConfigID = 176
01:35:35: GL_VERSION = 3.0 Mesa 9.1.7
01:35:35: GL_VENDOR = X.Org
01:35:35: GL_RENDERER = Gallium 0.4 on AMD RS880
01:35:35: GL_EXTENSIONS = GL_ARB_multisample GL_EXT_abgr GL_EXT_bgra GL_EXT_blend_color GL_EXT_blend_minmax GL_EXT_blend_subtract GL_EXT_copy_texture GL_EXT_polygon_offset GL_EXT_subtexture GL_EXT_texture_object GL_EXT_vertex_array GL_EXT_compiled_vertex_array GL_EXT_texture GL_EXT_texture3D GL_IBM_rasterpos_clip GL_ARB_point_parameters GL_EXT_draw_range_elements GL_EXT_packed_pixels GL_EXT_point_parameters GL_EXT_rescale_normal GL_EXT_separate_specular_color GL_EXT_texture_edge_clamp GL_SGIS_generate_mipmap GL_SGIS_texture_border_clamp GL_SGIS_texture_edge_clamp GL_SGIS_texture_lod GL_ARB_framebuffer_sRGB GL_ARB_multitexture GL_EXT_framebuffer_sRGB GL_IBM_multimode_draw_arrays GL_IBM_texture_mirrored_repeat GL_ARB_texture_cube_map GL_ARB_texture_env_add GL_ARB_transpose_matrix GL_EXT_blend_func_separate GL_EXT_fog_coord GL_EXT_multi_draw_arrays GL_EXT_secondary_color GL_EXT_texture_env_add GL_EXT_texture_filter_anisotropic GL_EXT_texture_lod_bias GL_INGR_blend_func_separate GL_NV_blend_square GL_NV_light_max_exponent GL_NV_texgen_reflection GL_NV_texture_env_combine4 GL_S3_s3tc GL_SUN_multi_draw_arrays GL_ARB_texture_border_clamp GL_ARB_texture_compression GL_EXT_framebuffer_object GL_EXT_texture_compression_s3tc GL_EXT_texture_env_combine GL_EXT_texture_env_dot3 GL_MESA_window_pos GL_NV_packed_depth_stencil GL_NV_texture_rectangle GL_ARB_depth_texture GL_ARB_occlusion_query GL_ARB_shadow GL_ARB_texture_env_combine GL_ARB_texture_env_crossbar GL_ARB_texture_env_dot3 GL_ARB_texture_mirrored_repeat GL_ARB_window_pos GL_EXT_stencil_two_side GL_EXT_texture_cube_map GL_NV_depth_clamp GL_NV_fog_distance GL_APPLE_packed_pixels GL_APPLE_vertex_array_object GL_ARB_draw_buffers GL_ARB_fragment_program GL_ARB_fragment_shader GL_ARB_shader_objects GL_ARB_vertex_program GL_ARB_vertex_shader GL_ATI_draw_buffers GL_ATI_texture_env_combine3 GL_ATI_texture_float GL_EXT_shadow_funcs GL_EXT_stencil_wrap GL_MESA_pack_invert GL_NV_primitive_restart GL_ARB_depth_clamp GL_ARB_fragment_program_shadow GL_ARB_half_float_pixel GL_ARB_occlusion_query2 GL_ARB_point_sprite GL_ARB_shading_language_100 GL_ARB_sync GL_ARB_texture_non_power_of_two GL_ARB_vertex_buffer_object GL_ATI_blend_equation_separate GL_EXT_blend_equation_separate GL_OES_read_format GL_ARB_color_buffer_float GL_ARB_pixel_buffer_object GL_ARB_texture_compression_rgtc GL_ARB_texture_float GL_ARB_texture_rectangle GL_ATI_texture_compression_3dc GL_EXT_packed_float GL_EXT_pixel_buffer_object GL_EXT_texture_compression_dxt1 GL_EXT_texture_compression_rgtc GL_EXT_texture_mirror_clamp GL_EXT_texture_rectangle GL_EXT_texture_sRGB GL_EXT_texture_shared_exponent GL_ARB_framebuffer_object GL_EXT_framebuffer_blit GL_EXT_framebuffer_multisample GL_EXT_packed_depth_stencil GL_ARB_vertex_array_object GL_ATI_separate_stencil GL_ATI_texture_mirror_once GL_EXT_draw_buffers2 GL_EXT_draw_instanced GL_EXT_gpu_program_parameters GL_EXT_texture_array GL_EXT_texture_compression_latc GL_EXT_texture_integer GL_EXT_texture_sRGB_decode GL_EXT_timer_query GL_OES_EGL_image GL_MESA_texture_array GL_ARB_copy_buffer GL_ARB_depth_buffer_float GL_ARB_draw_instanced GL_ARB_half_float_vertex GL_ARB_instanced_arrays GL_ARB_map_buffer_range GL_ARB_texture_rg GL_ARB_texture_swizzle GL_ARB_vertex_array_bgra GL_EXT_separate_shader_objects GL_EXT_texture_swizzle GL_EXT_vertex_array_bgra GL_NV_conditional_render GL_AMD_conservative_depth GL_AMD_draw_buffers_blend GL_AMD_shader_stencil_export GL_ARB_ES2_compatibility GL_ARB_blend_func_extended GL_ARB_debug_output GL_ARB_draw_buffers_blend GL_ARB_draw_elements_base_vertex GL_ARB_explicit_attrib_location GL_ARB_fragment_coord_conventions GL_ARB_provoking_vertex GL_ARB_sampler_objects GL_ARB_seamless_cube_map GL_ARB_shader_stencil_export GL_ARB_shader_texture_lod GL_ARB_texture_rgb10_a2ui GL_ARB_uniform_buffer_object GL_ARB_vertex_type_2_10_10_10_rev GL_EXT_provoking_vertex GL_EXT_texture_snorm GL_MESA_texture_signed_rgba GL_NV_texture_barrier GL_ARB_get_program_binary GL_ARB_robustness GL_ARB_shader_bit_encoding GL_ARB_timer_query GL_ARB_transform_feedback2 GL_ARB_transform_feedback3 GL_ANGLE_texture_compression_dxt3 GL_ANGLE_texture_compression_dxt5 GL_ARB_base_instance GL_ARB_conservative_depth GL_ARB_internalformat_query GL_ARB_map_buffer_alignment GL_ARB_texture_storage GL_ARB_transform_feedback_instanced GL_EXT_transform_feedback GL_ARB_invalidate_subdata 
01:35:35: Supported GLX extensions: GLX_ARB_create_context GLX_ARB_create_context_profile GLX_ARB_get_proc_address GLX_ARB_multisample GLX_EXT_import_context GLX_EXT_visual_info GLX_EXT_visual_rating GLX_EXT_create_context_es2_profile GLX_MESA_copy_sub_buffer GLX_MESA_multithread_makecurrent GLX_MESA_swap_control GLX_OML_swap_method GLX_OML_sync_control GLX_SGI_make_current_read GLX_SGI_swap_control GLX_SGI_video_sync GLX_SGIS_multisample GLX_SGIX_fbconfig GLX_SGIX_pbuffer GLX_SGIX_visual_select_group GLX_EXT_texture_from_pixmap GLX_INTEL_swap_event 
01:35:35: ***************************
01:35:35: *** GL Renderer Started ***
01:35:35: ***************************
01:35:35: Registering ResourceManager for type GpuProgram
01:35:35: GLSL support detected
01:35:35: GL: Using GL_EXT_framebuffer_object for rendering to textures (best)
01:35:35: FBO PF_UNKNOWN depth/stencil support: D0S1 D0S4 D0S8 D0S16 D16S0 D24S0 D32S0 Packed-D24S8 
01:35:35: FBO PF_L8 depth/stencil support: D0S0 D0S1 D0S4 D0S8 D0S16 D16S0 D24S0 D32S0 Packed-D24S8 
01:35:35: FBO PF_L16 depth/stencil support: D0S0 D0S1 D0S4 D0S8 D0S16 D16S0 D24S0 D32S0 Packed-D24S8 
01:35:35: FBO PF_A8 depth/stencil support: D0S0 D0S1 D0S4 D0S8 D0S16 D16S0 D24S0 D32S0 Packed-D24S8 
01:35:35: FBO PF_A4L4 depth/stencil support: D0S0 D0S1 D0S4 D0S8 D0S16 D16S0 D24S0 D32S0 Packed-D24S8 
01:35:35: FBO PF_BYTE_LA depth/stencil support: D0S0 D0S1 D0S4 D0S8 D0S16 D16S0 D24S0 D32S0 Packed-D24S8 
01:35:35: FBO PF_R5G6B5 depth/stencil support: D0S0 D0S1 D0S4 D0S8 D0S16 D16S0 D24S0 D32S0 Packed-D24S8 
01:35:35: FBO PF_B5G6R5 depth/stencil support: D0S0 D0S1 D0S4 D0S8 D0S16 D16S0 D24S0 D32S0 Packed-D24S8 
01:35:35: FBO PF_A4R4G4B4 depth/stencil support: D0S0 D0S1 D0S4 D0S8 D0S16 D16S0 D24S0 D32S0 Packed-D24S8 
01:35:35: FBO PF_A1R5G5B5 depth/stencil support: D0S0 D0S1 D0S4 D0S8 D0S16 D16S0 D24S0 D32S0 Packed-D24S8 
01:35:35: FBO PF_R8G8B8 depth/stencil support: D0S0 D0S1 D0S4 D0S8 D0S16 D16S0 D24S0 D32S0 Packed-D24S8 
01:35:35: FBO PF_B8G8R8 depth/stencil support: D0S0 D0S1 D0S4 D0S8 D0S16 D16S0 D24S0 D32S0 Packed-D24S8 
01:35:35: FBO PF_A8R8G8B8 depth/stencil support: D0S0 D0S1 D0S4 D0S8 D0S16 D16S0 D24S0 D32S0 Packed-D24S8 
01:35:35: FBO PF_B8G8R8A8 depth/stencil support: D0S0 D0S1 D0S4 D0S8 D0S16 D16S0 D24S0 D32S0 Packed-D24S8 
01:35:35: FBO PF_A2R10G10B10 depth/stencil support: D0S0 D0S1 D0S4 D0S8 D0S16 D16S0 D24S0 D32S0 Packed-D24S8 
01:35:35: FBO PF_A2B10G10R10 depth/stencil support: D0S0 D0S1 D0S4 D0S8 D0S16 D16S0 D24S0 D32S0 Packed-D24S8 
01:35:35: FBO PF_FLOAT16_RGB depth/stencil support: D0S0 D0S1 D0S4 D0S8 D0S16 D16S0 D24S0 D32S0 Packed-D24S8 
01:35:35: FBO PF_FLOAT16_RGBA depth/stencil support: D0S0 D0S1 D0S4 D0S8 D0S16 D16S0 D24S0 D32S0 Packed-D24S8 
01:35:35: FBO PF_FLOAT32_RGB depth/stencil support: D0S0 D0S1 D0S4 D0S8 D0S16 D16S0 D24S0 D32S0 Packed-D24S8 
01:35:35: FBO PF_FLOAT32_RGBA depth/stencil support: D0S0 D0S1 D0S4 D0S8 D0S16 D16S0 D24S0 D32S0 Packed-D24S8 
01:35:35: FBO PF_X8R8G8B8 depth/stencil support: D0S0 D0S1 D0S4 D0S8 D0S16 D16S0 D24S0 D32S0 Packed-D24S8 
01:35:35: FBO PF_X8B8G8R8 depth/stencil support: D0S0 D0S1 D0S4 D0S8 D0S16 D16S0 D24S0 D32S0 Packed-D24S8 
01:35:35: FBO PF_SHORT_RGBA depth/stencil support: D0S0 D0S1 D0S4 D0S8 D0S16 D16S0 D24S0 D32S0 Packed-D24S8 
01:35:35: FBO PF_R3G3B2 depth/stencil support: D0S0 D0S1 D0S4 D0S8 D0S16 D16S0 D24S0 D32S0 Packed-D24S8 
01:35:35: FBO PF_FLOAT16_R depth/stencil support: D0S0 D0S1 D0S4 D0S8 D0S16 D16S0 D24S0 D32S0 Packed-D24S8 
01:35:35: FBO PF_FLOAT32_R depth/stencil support: D0S0 D0S1 D0S4 D0S8 D0S16 D16S0 D24S0 D32S0 Packed-D24S8 
01:35:35: FBO PF_SHORT_GR depth/stencil support: D0S0 D0S1 D0S4 D0S8 D0S16 D16S0 D24S0 D32S0 Packed-D24S8 
01:35:35: FBO PF_FLOAT16_GR depth/stencil support: D0S0 D0S1 D0S4 D0S8 D0S16 D16S0 D24S0 D32S0 Packed-D24S8 
01:35:35: FBO PF_FLOAT32_GR depth/stencil support: D0S0 D0S1 D0S4 D0S8 D0S16 D16S0 D24S0 D32S0 Packed-D24S8 
01:35:35: FBO PF_SHORT_RGB depth/stencil support: D0S0 D0S1 D0S4 D0S8 D0S16 D16S0 D24S0 D32S0 Packed-D24S8 
01:35:35: [GL] : Valid FBO targets PF_UNKNOWN PF_L8 PF_L16 PF_A8 PF_A4L4 PF_BYTE_LA PF_R5G6B5 PF_B5G6R5 PF_A4R4G4B4 PF_A1R5G5B5 PF_R8G8B8 PF_B8G8R8 PF_A8R8G8B8 PF_B8G8R8A8 PF_A2R10G10B10 PF_A2B10G10R10 PF_FLOAT16_RGB PF_FLOAT16_RGBA PF_FLOAT32_RGB PF_FLOAT32_RGBA PF_X8R8G8B8 PF_X8B8G8R8 PF_SHORT_RGBA PF_R3G3B2 PF_FLOAT16_R PF_FLOAT32_R PF_SHORT_GR PF_FLOAT16_GR PF_FLOAT32_GR PF_SHORT_RGB 
01:35:35: RenderSystem capabilities
01:35:35: -------------------------
01:35:35: RenderSystem Name: OpenGL Rendering Subsystem
01:35:35: GPU Vendor: unknown
01:35:35: Device Name: Gallium 0.4 on AMD RS880
01:35:35: Driver Version: 3.0.0.0
01:35:35:  * Fixed function pipeline: yes
01:35:35:  * Hardware generation of mipmaps: yes
01:35:35:  * Texture blending: yes
01:35:35:  * Anisotropic texture filtering: yes
01:35:35:  * Dot product texture operation: yes
01:35:35:  * Cube mapping: yes
01:35:35:  * Hardware stencil buffer: yes
01:35:35:    - Stencil depth: 8
01:35:35:    - Two sided stencil support: yes
01:35:35:    - Wrap stencil values: yes
01:35:35:  * Hardware vertex / index buffers: yes
01:35:35:  * Vertex programs: yes
01:35:35:  * Number of floating-point constants for vertex programs: 4096
01:35:35:  * Number of integer constants for vertex programs: 0
01:35:35:  * Number of boolean constants for vertex programs: 0
01:35:35:  * Fragment programs: yes
01:35:35:  * Number of floating-point constants for fragment programs: 4096
01:35:35:  * Number of integer constants for fragment programs: 0
01:35:35:  * Number of boolean constants for fragment programs: 0
01:35:35:  * Geometry programs: no
01:35:35:  * Number of floating-point constants for geometry programs: 2453
01:35:35:  * Number of integer constants for geometry programs: 10492
01:35:35:  * Number of boolean constants for geometry programs: 2453
01:35:35:  * Supported Shader Profiles: arbfp1 arbvp1 glsl
01:35:35:  * Texture Compression: yes
01:35:35:    - DXT: yes
01:35:35:    - VTC: no
01:35:35:    - PVRTC: no
01:35:35:  * Scissor Rectangle: yes
01:35:35:  * Hardware Occlusion Query: yes
01:35:35:  * User clip planes: yes
01:35:35:  * VET_UBYTE4 vertex element type: yes
01:35:35:  * Infinite far plane projection: yes
01:35:35:  * Hardware render-to-texture: yes
01:35:35:  * Floating point textures: yes
01:35:35:  * Non-power-of-two textures: yes
01:35:35:  * Volume textures: yes
01:35:35:  * Multiple Render Targets: 8
01:35:35:    - With different bit depths: yes
01:35:35:  * Point Sprites: yes
01:35:35:  * Extended point parameters: yes
01:35:35:  * Max Point Size: 8192
01:35:35:  * Vertex texture fetch: yes
01:35:35:  * Number of world matrices: 0
01:35:35:  * Number of texture units: 16
01:35:35:  * Stencil buffer depth: 8
01:35:35:  * Number of vertex blend matrices: 0
01:35:35:    - Max vertex textures: 16
01:35:35:    - Vertex textures shared: yes
01:35:35:  * Render to Vertex Buffer : no
01:35:35:  * GL 1.5 without VBO workaround: no
01:35:35:  * Frame Buffer objects: yes
01:35:35:  * Frame Buffer objects (ARB extension): no
01:35:35:  * Frame Buffer objects (ATI extension): no
01:35:35:  * PBuffer support: yes
01:35:35:  * GL 1.5 without HW-occlusion workaround: no
01:35:35:  * Separate shader objects: no
01:35:35: DefaultWorkQueue('Root') initialising on thread main.
01:35:35: Particle Renderer Type 'billboard' registered
01:35:35: SceneManagerFactory for type 'BspSceneManager' registered.
01:35:35: Registering ResourceManager for type BspLevel
01:35:35: SceneManagerFactory for type 'PCZSceneManager' registered.
01:35:35: MovableObjectFactory for type 'PCZLight' registered.
01:35:35: MovableObjectFactory for type 'Portal' registered.
01:35:35: MovableObjectFactory for type 'AntiPortal' registered.
01:35:35: PCZone Factory Type 'ZoneType_Octree' registered
01:35:35: SceneManagerFactory for type 'OctreeSceneManager' registered.
01:35:35: Parsing scripts for resource group Autodetect
01:35:35: Finished parsing scripts for resource group Autodetect
01:35:35: Creating resources for group Autodetect
01:35:35: All done
01:35:35: Parsing scripts for resource group Essential
01:35:35: Parsing script SdkTrays.material
01:35:35: Parsing script SdkTrays.fontdef
01:35:35: Parsing script SdkTrays.overlay
01:35:35: Bad element attribute line: '# you can offset the image to change the cursor "hotspot"' for element SdkTrays/Cursor in overlay 
01:35:35: Texture: sdk_cursor.png: Loading 1 faces(PF_A8R8G8B8,32x32x1) with 5 hardware generated mipmaps from Image. Internal format is PF_A8R8G8B8,32x32x1.
01:35:35: Texture: sdk_tray.png: Loading 1 faces(PF_A8R8G8B8,64x64x1) with 5 hardware generated mipmaps from Image. Internal format is PF_A8R8G8B8,64x64x1.
01:35:35: Texture: sdk_button_up.png: Loading 1 faces(PF_A8R8G8B8,128x32x1) with 5 hardware generated mipmaps from Image. Internal format is PF_A8R8G8B8,128x32x1.
01:35:35: Texture: sdk_text_box.png: Loading 1 faces(PF_A8R8G8B8,32x32x1) with 5 hardware generated mipmaps from Image. Internal format is PF_A8R8G8B8,32x32x1.
01:35:35: Texture: sdk_mini_tray.png: Loading 1 faces(PF_A8R8G8B8,32x32x1) with 5 hardware generated mipmaps from Image. Internal format is PF_A8R8G8B8,32x32x1.
01:35:35: Texture: sdk_track.png: Loading 1 faces(PF_A8R8G8B8,16x32x1) with 5 hardware generated mipmaps from Image. Internal format is PF_A8R8G8B8,16x32x1.
01:35:35: Texture: sdk_handle.png: Loading 1 faces(PF_A8R8G8B8,16x16x1) with 4 hardware generated mipmaps from Image. Internal format is PF_A8R8G8B8,16x16x1.
01:35:35: Texture: sdk_mini_text_box.png: Loading 1 faces(PF_A8R8G8B8,32x32x1) with 5 hardware generated mipmaps from Image. Internal format is PF_A8R8G8B8,32x32x1.
01:35:35: Texture: sdk_label.png: Loading 1 faces(PF_A8R8G8B8,32x32x1) with 5 hardware generated mipmaps from Image. Internal format is PF_A8R8G8B8,32x32x1.
01:35:35: Texture: sdk_separator.png: Loading 1 faces(PF_A8R8G8B8,64x16x1) with 5 hardware generated mipmaps from Image. Internal format is PF_A8R8G8B8,64x16x1.
01:35:35: Texture: sdk_logo.png: Loading 1 faces(PF_A8R8G8B8,128x64x1) with 5 hardware generated mipmaps from Image. Internal format is PF_A8R8G8B8,128x64x1.
01:35:35: Texture: sdk_shade.png: Loading 1 faces(PF_A8R8G8B8,64x48x1) with 5 hardware generated mipmaps from Image. Internal format is PF_A8R8G8B8,64x48x1.
01:35:35: Texture: sdk_frame.png: Loading 1 faces(PF_A8R8G8B8,32x32x1) with 5 hardware generated mipmaps from Image. Internal format is PF_A8R8G8B8,32x32x1.
01:35:35: Texture: sdk_mini_text_box_over.png: Loading 1 faces(PF_A8R8G8B8,32x32x1) with 5 hardware generated mipmaps from Image. Internal format is PF_A8R8G8B8,32x32x1.
01:35:35: Texture: sdk_pulse.png: Loading 1 faces(PF_R8G8B8,8x1x1) with 3 hardware generated mipmaps from Image. Internal format is PF_X8R8G8B8,8x1x1.
01:35:35: Finished parsing scripts for resource group Essential
01:35:35: Creating resources for group Essential
01:35:35: All done
01:35:35: Parsing scripts for resource group General
01:35:35: Parsing script StdQuad_vp.program
01:35:35: Parsing script Examples.program
01:35:35: OGRE EXCEPTION(2:InvalidParametersException): Parameter called ambient does not exist.  in GpuProgramParameters::_findNamedConstantDefinition at /home/kvander/Desktop/ogre_src_v1-8-1/OgreMain/src/OgreGpuProgramParams.cpp (line 1451)
01:35:35: Compiler error: invalid parameters in Examples.program(130): setting of constant failed
01:35:35: Parsing script Laplace.material
01:35:35: Parsing script Posterize.material
01:35:35: Parsing script SharpenEdges.material
01:35:35: Parsing script ASCII.material
01:35:35: Parsing script Hurt.material
01:35:35: Parsing script RadialBlur.material
01:35:35: Parsing script Embossed.material
01:35:35: Parsing script VarianceShadowmap.material
01:35:35: Parsing script pssm.material
01:35:35: Parsing script shadows.material
01:35:35: Parsing script HeatVision.material
01:35:35: Parsing script Tiling.material
01:35:35: Parsing script Halftone.material
01:35:35: Parsing script hdr.material
01:35:35: Parsing script CGSwizzle.material
01:35:35: Parsing script Ocean.material
01:35:35: Parsing script Examples-Water.material
01:35:35: Parsing script DepthShadowmap.material
01:35:35: Parsing script Bloom2.material
01:35:35: Parsing script facial.material
01:35:35: Parsing script ParticleGS.material
01:35:35: Parsing script BlackAndWhite.material
01:35:35: Parsing script MotionBlur.material
01:35:35: Parsing script instancing.material
01:35:35: Parsing script Dither.material
01:35:35: Parsing script Penguin.material
01:35:35: Parsing script NightVision.material
01:35:35: Parsing script MRTtest.material
01:35:35: Parsing script smoke.material
01:35:35: Parsing script Glass.material
01:35:35: Parsing script Examples-DynTex.material
01:35:35: Parsing script Invert.material
01:35:35: Parsing script DOF.material
01:35:35: Parsing script OldMovie.material
01:35:35: Parsing script Examples.material
01:35:35: Parsing script OldTV.material
01:35:35: Parsing script Examples-Advanced.material
01:35:35: Compiler error: object unsupported by render system in Examples-Advanced.material(383)
01:35:35: Parsing script ShaderSystem.material
01:35:35: Parsing script Bloom.material
01:35:35: Parsing script CompositorDemo.material
01:35:35: Parsing script IsoSurf.material
01:35:35: Parsing script RZR-002.material
01:35:35: Parsing script GLSLSwizzle.material
01:35:35: Parsing script Ogre.material
01:35:35: Parsing script Example-Water.material
01:35:35: Parsing script sibenik.material
01:35:35: Parsing script OffsetMapping.material
01:35:35: Compiler error: object unsupported by render system in OffsetMapping.material(18)
01:35:35: Parsing script ASMSwizzle.material
01:35:35: Compiler error: object unsupported by render system in ASMSwizzle.material(1)
01:35:35: Parsing script Examples.compositor
01:35:35: Finished parsing scripts for resource group General
01:35:35: Creating resources for group General
01:35:35: All done
01:35:35: Parsing scripts for resource group Internal
01:35:35: Finished parsing scripts for resource group Internal
01:35:35: Creating resources for group Internal
01:35:35: All done
01:35:35: Texture: KAMEN320x240-bump.jpg: Loading 1 faces(PF_R8G8B8,640x477x1) with 5 hardware generated mipmaps from Image. Internal format is PF_X8R8G8B8,640x477x1.
01:35:35: Texture: grass_1024.jpg: Loading 1 faces(PF_R8G8B8,1024x1024x1) with 5 hardware generated mipmaps from Image. Internal format is PF_X8R8G8B8,1024x1024x1.
01:35:35: Texture: flare.png: Loading 1 faces(PF_R8G8B8,256x256x1) with 5 hardware generated mipmaps from Image. Internal format is PF_X8R8G8B8,256x256x1.
01:35:35: Texture: tennisball.jpeg: Loading 1 faces(PF_R8G8B8,275x183x1) with 5 hardware generated mipmaps from Image. Internal format is PF_X8R8G8B8,275x183x1.
01:35:35: *** Initializing OIS ***
01:35:35: Texture: spot_shadow_fade.png: Loading 1 faces(PF_R8G8B8,128x128x1) with 5 hardware generated mipmaps from Image. Internal format is PF_X8R8G8B8,128x128x1.
01:35:35: Font SdkTrays/Caption using texture size 512x256
01:35:35: Info: Freetype returned null for character 160 in font SdkTrays/Caption
01:35:35: Texture: SdkTrays/CaptionTexture: Loading 1 faces(PF_BYTE_LA,512x256x1) Internal format is PF_BYTE_LA,512x256x1.
01:35:35: Font SdkTrays/Value using texture size 512x256
01:35:35: Info: Freetype returned null for character 127 in font SdkTrays/Value
01:35:35: Info: Freetype returned null for character 128 in font SdkTrays/Value
01:35:35: Info: Freetype returned null for character 129 in font SdkTrays/Value
01:35:35: Info: Freetype returned null for character 130 in font SdkTrays/Value
01:35:35: Info: Freetype returned null for character 131 in font SdkTrays/Value
01:35:35: Info: Freetype returned null for character 132 in font SdkTrays/Value
01:35:35: Info: Freetype returned null for character 133 in font SdkTrays/Value
01:35:35: Info: Freetype returned null for character 134 in font SdkTrays/Value
01:35:35: Info: Freetype returned null for character 135 in font SdkTrays/Value
01:35:35: Info: Freetype returned null for character 136 in font SdkTrays/Value
01:35:35: Info: Freetype returned null for character 137 in font SdkTrays/Value
01:35:35: Info: Freetype returned null for character 138 in font SdkTrays/Value
01:35:35: Info: Freetype returned null for character 139 in font SdkTrays/Value
01:35:35: Info: Freetype returned null for character 140 in font SdkTrays/Value
01:35:35: Info: Freetype returned null for character 141 in font SdkTrays/Value
01:35:35: Info: Freetype returned null for character 142 in font SdkTrays/Value
01:35:35: Info: Freetype returned null for character 143 in font SdkTrays/Value
01:35:35: Info: Freetype returned null for character 144 in font SdkTrays/Value
01:35:35: Info: Freetype returned null for character 145 in font SdkTrays/Value
01:35:35: Info: Freetype returned null for character 146 in font SdkTrays/Value
01:35:35: Info: Freetype returned null for character 147 in font SdkTrays/Value
01:35:35: Info: Freetype returned null for character 148 in font SdkTrays/Value
01:35:35: Info: Freetype returned null for character 149 in font SdkTrays/Value
01:35:35: Info: Freetype returned null for character 150 in font SdkTrays/Value
01:35:35: Info: Freetype returned null for character 151 in font SdkTrays/Value
01:35:35: Info: Freetype returned null for character 152 in font SdkTrays/Value
01:35:35: Info: Freetype returned null for character 153 in font SdkTrays/Value
01:35:35: Info: Freetype returned null for character 154 in font SdkTrays/Value
01:35:35: Info: Freetype returned null for character 155 in font SdkTrays/Value
01:35:35: Info: Freetype returned null for character 156 in font SdkTrays/Value
01:35:35: Info: Freetype returned null for character 157 in font SdkTrays/Value
01:35:35: Info: Freetype returned null for character 158 in font SdkTrays/Value
01:35:35: Info: Freetype returned null for character 159 in font SdkTrays/Value
01:35:35: Info: Freetype returned null for character 160 in font SdkTrays/Value
01:35:35: Texture: SdkTrays/ValueTexture: Loading 1 faces(PF_BYTE_LA,512x256x1) Internal format is PF_BYTE_LA,512x256x1.
01:35:53: DefaultWorkQueue('Root') shutting down on thread main.
01:35:53: PCZone Factory Type 'ZoneType_Octree' unregistered
01:35:53: Unregistering ResourceManager for type BspLevel
01:35:53: *-*-* OGRE Shutdown
01:35:53: Unregistering ResourceManager for type Compositor
01:35:53: Unregistering ResourceManager for type Font
01:35:53: Unregistering ResourceManager for type Skeleton
01:35:53: Unregistering ResourceManager for type Mesh
01:35:53: Unregistering ResourceManager for type HighLevelGpuProgram
01:35:53: Uninstalling plugin: Octree Scene Manager
01:35:53: Plugin successfully uninstalled
01:35:53: Unloading library /usr/local/lib/OGRE/Plugin_OctreeSceneManager
01:35:53: Uninstalling plugin: Octree Zone Factory
01:35:53: Plugin successfully uninstalled
01:35:53: Unloading library /usr/local/lib/OGRE/Plugin_OctreeZone
01:35:53: Uninstalling plugin: Portal Connected Zone Scene Manager
01:35:53: Plugin successfully uninstalled
01:35:53: Unloading library /usr/local/lib/OGRE/Plugin_PCZSceneManager
01:35:53: Uninstalling plugin: BSP Scene Manager
01:35:53: Plugin successfully uninstalled
01:35:53: Unloading library /usr/local/lib/OGRE/Plugin_BSPSceneManager
01:35:53: Uninstalling plugin: ParticleFX
01:35:53: Plugin successfully uninstalled
01:35:53: Unloading library /usr/local/lib/OGRE/Plugin_ParticleFX
01:35:53: Uninstalling plugin: GL RenderSystem
01:35:53: Unregistering ResourceManager for type GpuProgram
01:35:53: ******************************
*** Stopping GLX Subsystem ***
******************************
01:35:53: Unregistering ResourceManager for type Texture
01:35:53: Plugin successfully uninstalled
01:35:53: Unloading library /usr/local/lib/OGRE/RenderSystem_GL
01:35:53: Unregistering ResourceManager for type Material
